TN:
SF:/home/shuballity/proj/prog_study/2grade/labs/lab3/src/containers/avl.cpp
FN:10,11,_ZN7AVLTreeIiE4NodeC2ERKi
FN:109,114,_ZNK7AVLTreeIiE7findMinEPNS0_4NodeE
FN:117,146,_ZN7AVLTreeIiE10deleteNodeEPNS0_4NodeERKi
FN:14,14,_ZN7AVLTreeIiEC2Ev
FN:149,157,_ZNK7AVLTreeIiE10searchNodeEPNS0_4NodeERKi
FN:160,165,_ZN7AVLTreeIiE9clearNodeEPNS0_4NodeE
FN:168,173,_ZNK7AVLTreeIiE16inorderTraversalEPNS0_4NodeERSo
FN:17,19,_ZN7AVLTreeIiED0Ev
FN:17,19,_ZN7AVLTreeIiED2Ev
FN:176,178,_ZN7AVLTreeIiE6insertERKi
FN:181,183,_ZN7AVLTreeIiE6removeERKi
FN:186,188,_ZNK7AVLTreeIiE6searchERKi
FN:191,195,_ZN7AVLTreeIiE5clearEv
FN:198,200,_ZNK7AVLTreeIiE4sizeEv
FN:203,205,_ZNK7AVLTreeIiE5emptyEv
FN:208,210,_ZNK7AVLTreeIiE6heightEv
FN:213,217,_ZNK7AVLTreeIiE5printERSo
FN:22,24,_ZNK7AVLTreeIiE9getHeightEPNS0_4NodeE
FN:27,29,_ZNK7AVLTreeIiE10getBalanceEPNS0_4NodeE
FN:313,326,_ZNK7AVLTreeIiE14saveBinaryNodeERSt14basic_ofstreamIcSt11char_traitsIcEEPNS0_4NodeE
FN:32,36,_ZN7AVLTreeIiE12updateHeightEPNS0_4NodeE
FN:329,347,_ZN7AVLTreeIiE14loadBinaryNodeERSt14basic_ifstreamIcSt11char_traitsIcEE
FN:350,354,_ZNK7AVLTreeIiE12saveToBinaryERSt14basic_ofstreamIcSt11char_traitsIcEE
FN:357,363,_ZN7AVLTreeIiE14loadFromBinaryERSt14basic_ifstreamIcSt11char_traitsIcEE
FN:39,50,_ZN7AVLTreeIiE11rotateRightEPNS0_4NodeE
FN:53,64,_ZN7AVLTreeIiE10rotateLeftEPNS0_4NodeE
FN:67,87,_ZN7AVLTreeIiE9rebalanceEPNS0_4NodeE
FN:90,106,_ZN7AVLTreeIiE10insertNodeEPNS0_4NodeERKi
FNDA:501,_ZN7AVLTreeIiE4NodeC2ERKi
FNDA:3,_ZNK7AVLTreeIiE7findMinEPNS0_4NodeE
FNDA:822,_ZN7AVLTreeIiE10deleteNodeEPNS0_4NodeERKi
FNDA:63,_ZN7AVLTreeIiEC2Ev
FNDA:2796,_ZNK7AVLTreeIiE10searchNodeEPNS0_4NodeERKi
FNDA:747,_ZN7AVLTreeIiE9clearNodeEPNS0_4NodeE
FNDA:21,_ZNK7AVLTreeIiE16inorderTraversalEPNS0_4NodeERSo
FNDA:60,_ZN7AVLTreeIiED0Ev
FNDA:63,_ZN7AVLTreeIiED2Ev
FNDA:483,_ZN7AVLTreeIiE6insertERKi
FNDA:168,_ZN7AVLTreeIiE6removeERKi
FNDA:594,_ZNK7AVLTreeIiE6searchERKi
FNDA:69,_ZN7AVLTreeIiE5clearEv
FNDA:54,_ZNK7AVLTreeIiE4sizeEv
FNDA:6,_ZNK7AVLTreeIiE5emptyEv
FNDA:3,_ZNK7AVLTreeIiE6heightEv
FNDA:3,_ZNK7AVLTreeIiE5printERSo
FNDA:12921,_ZNK7AVLTreeIiE9getHeightEPNS0_4NodeE
FNDA:3030,_ZNK7AVLTreeIiE10getBalanceEPNS0_4NodeE
FNDA:45,_ZNK7AVLTreeIiE14saveBinaryNodeERSt14basic_ofstreamIcSt11char_traitsIcEEPNS0_4NodeE
FNDA:3429,_ZN7AVLTreeIiE12updateHeightEPNS0_4NodeE
FNDA:45,_ZN7AVLTreeIiE14loadBinaryNodeERSt14basic_ifstreamIcSt11char_traitsIcEE
FNDA:3,_ZNK7AVLTreeIiE12saveToBinaryERSt14basic_ofstreamIcSt11char_traitsIcEE
FNDA:3,_ZN7AVLTreeIiE14loadFromBinaryERSt14basic_ifstreamIcSt11char_traitsIcEE
FNDA:12,_ZN7AVLTreeIiE11rotateRightEPNS0_4NodeE
FNDA:360,_ZN7AVLTreeIiE10rotateLeftEPNS0_4NodeE
FNDA:2664,_ZN7AVLTreeIiE9rebalanceEPNS0_4NodeE
FNDA:2418,_ZN7AVLTreeIiE10insertNodeEPNS0_4NodeERKi
FNF:28
FNH:28
DA:10,501
DA:11,501
DA:14,63
DA:17,123
DA:18,63
DA:19,123
DA:22,12921
DA:23,12921
DA:27,3030
DA:28,3030
DA:32,3429
DA:33,3429
DA:34,3429
DA:36,3429
DA:39,12
DA:40,12
DA:41,12
DA:43,12
DA:44,12
DA:46,12
DA:47,12
DA:49,12
DA:53,360
DA:54,360
DA:55,360
DA:57,360
DA:58,360
DA:60,360
DA:61,360
DA:63,360
DA:67,2664
DA:68,2664
DA:70,2664
DA:72,2664
DA:73,9
DA:74,3
DA:76,9
DA:79,2655
DA:80,357
DA:81,3
DA:83,357
DA:86,2298
DA:90,2418
DA:91,2418
DA:92,480
DA:93,480
DA:96,1938
DA:97,117
DA:98,1821
DA:99,1818
DA:101,3
DA:104,1935
DA:105,1935
DA:109,3
DA:110,3
DA:111,0
DA:113,3
DA:117,822
DA:118,822
DA:120,816
DA:121,645
DA:122,171
DA:123,6
DA:125,165
DA:126,162
DA:127,162
DA:128,87
DA:129,87
DA:131,75
DA:133,162
DA:134,162
DA:135,162
DA:136,3
DA:137,3
DA:138,3
DA:142,816
DA:144,729
DA:145,729
DA:149,2796
DA:150,2796
DA:151,2784
DA:152,2202
DA:153,1134
DA:155,1068
DA:160,747
DA:161,747
DA:162,339
DA:163,339
DA:164,339
DA:168,21
DA:169,21
DA:170,9
DA:171,9
DA:172,9
DA:176,483
DA:177,483
DA:178,483
DA:181,168
DA:182,168
DA:183,168
DA:186,594
DA:187,594
DA:191,69
DA:192,69
DA:193,69
DA:194,69
DA:195,69
DA:198,54
DA:199,54
DA:203,6
DA:204,6
DA:208,3
DA:209,3
DA:213,3
DA:214,3
DA:215,3
DA:216,3
DA:217,3
DA:313,45
DA:314,45
DA:315,24
DA:316,24
DA:317,24
DA:320,21
DA:321,21
DA:322,21
DA:324,21
DA:325,21
DA:329,45
DA:331,45
DA:333,45
DA:334,24
DA:338,21
DA:340,21
DA:341,21
DA:342,21
DA:344,21
DA:346,21
DA:350,3
DA:351,3
DA:352,3
DA:353,3
DA:354,3
DA:357,3
DA:358,3
DA:360,3
DA:361,3
DA:362,3
DA:363,3
LF:149
LH:148
end_of_record
TN:
SF:/home/shuballity/proj/prog_study/2grade/labs/lab3/src/containers/containers.h
FN:13,13,_ZN9ContainerINSt7__cxx1112basic_stringIcSt11char_traitsIcESaIcEEEED0Ev
FN:13,13,_ZN9ContainerINSt7__cxx1112basic_stringIcSt11char_traitsIcESaIcEEEED2Ev
FN:13,13,_ZN9ContainerIiED0Ev
FN:13,13,_ZN9ContainerIiED2Ev
FNDA:0,_ZN9ContainerINSt7__cxx1112basic_stringIcSt11char_traitsIcESaIcEEEED0Ev
FNDA:114,_ZN9ContainerINSt7__cxx1112basic_stringIcSt11char_traitsIcESaIcEEEED2Ev
FNDA:0,_ZN9ContainerIiED0Ev
FNDA:126,_ZN9ContainerIiED2Ev
FNF:4
FNH:2
DA:13,240
LF:1
LH:1
end_of_record
TN:
SF:/home/shuballity/proj/prog_study/2grade/labs/lab3/src/containers/doublelist.cpp
FN:11,13,_ZN10DoubleListIiED0Ev
FN:11,13,_ZN10DoubleListIiED2Ev
FN:16,26,_ZN10DoubleListIiE7addHeadERKi
FN:29,39,_ZN10DoubleListIiE7addTailERKi
FN:42,63,_ZN10DoubleListIiE6removeERKi
FN:5,5,_ZN10DoubleListIiE4NodeC2ERKi
FN:66,74,_ZN10DoubleListIiE5clearEv
FN:77,79,_ZNK10DoubleListIiE4sizeEv
FN:8,8,_ZN10DoubleListIiEC2Ev
FN:82,84,_ZNK10DoubleListIiE5emptyEv
FN:87,96,_ZNK10DoubleListIiE5printERSo
FNDA:30,_ZN10DoubleListIiED0Ev
FNDA:30,_ZN10DoubleListIiED2Ev
FNDA:12,_ZN10DoubleListIiE7addHeadERKi
FNDA:54,_ZN10DoubleListIiE7addTailERKi
FNDA:12,_ZN10DoubleListIiE6removeERKi
FNDA:66,_ZN10DoubleListIiE4NodeC2ERKi
FNDA:33,_ZN10DoubleListIiE5clearEv
FNDA:27,_ZNK10DoubleListIiE4sizeEv
FNDA:30,_ZN10DoubleListIiEC2Ev
FNDA:9,_ZNK10DoubleListIiE5emptyEv
FNDA:3,_ZNK10DoubleListIiE5printERSo
FNF:11
FNH:11
DA:5,66
DA:8,30
DA:11,60
DA:12,30
DA:13,60
DA:16,12
DA:17,12
DA:18,12
DA:19,6
DA:21,6
DA:22,6
DA:23,6
DA:25,12
DA:26,12
DA:29,54
DA:30,54
DA:31,54
DA:32,21
DA:34,33
DA:35,33
DA:36,33
DA:38,54
DA:39,54
DA:42,12
DA:43,12
DA:44,24
DA:45,21
DA:46,9
DA:47,6
DA:49,3
DA:51,9
DA:52,6
DA:54,3
DA:56,9
DA:57,9
DA:58,9
DA:60,12
DA:62,3
DA:66,33
DA:67,123
DA:68,57
DA:69,57
DA:70,57
DA:72,33
DA:73,33
DA:74,33
DA:77,27
DA:78,27
DA:82,9
DA:83,9
DA:87,3
DA:88,3
DA:89,3
DA:90,12
DA:91,9
DA:92,9
DA:93,9
DA:95,3
DA:96,3
LF:59
LH:59
end_of_record
TN:
SF:/home/shuballity/proj/prog_study/2grade/labs/lab3/src/containers/hash.h
FN:121,121,_ZN7HashMapINSt7__cxx1112basic_stringIcSt11char_traitsIcESaIcEEES5_E5EntryC2Ev
FN:121,121,_ZN7HashMapIibE5EntryC2Ev
FN:121,121,_ZN7HashMapIiiE5EntryC2Ev
FN:124,124,_ZN7HashMapINSt7__cxx1112basic_stringIcSt11char_traitsIcESaIcEEES5_E5EntryC2ERKS5_S9_
FN:124,124,_ZN7HashMapIibE5EntryC2ERKiRKb
FN:124,124,_ZN7HashMapIiiE5EntryC2ERKiS3_
FN:127,130,_ZN7HashMapINSt7__cxx1112basic_stringIcSt11char_traitsIcESaIcEEES5_EC2Em
FN:127,130,_ZN7HashMapIibEC2Em
FN:127,130,_ZN7HashMapIiiEC2Em
FN:133,136,_ZNK7HashMapINSt7__cxx1112basic_stringIcSt11char_traitsIcESaIcEEES5_E5hash1ERKS5_
FN:133,136,_ZNK7HashMapIibE5hash1ERKi
FN:133,136,_ZNK7HashMapIiiE5hash1ERKi
FN:139,143,_ZNK7HashMapINSt7__cxx1112basic_stringIcSt11char_traitsIcESaIcEEES5_E5hash2ERKS5_
FN:139,143,_ZNK7HashMapIibE5hash2ERKi
FN:139,143,_ZNK7HashMapIiiE5hash2ERKi
FN:146,161,_ZNK7HashMapINSt7__cxx1112basic_stringIcSt11char_traitsIcESaIcEEES5_E9findIndexERKS5_Rm
FN:146,161,_ZNK7HashMapIibE9findIndexERKiRm
FN:146,161,_ZNK7HashMapIiiE9findIndexERKiRm
FN:164,176,_ZN7HashMapINSt7__cxx1112basic_stringIcSt11char_traitsIcESaIcEEES5_E3putERKS5_S8_
FN:164,176,_ZN7HashMapIibE3putERKiRKb
FN:164,176,_ZN7HashMapIiiE3putERKiS2_
FN:179,185,_ZNK7HashMapINSt7__cxx1112basic_stringIcSt11char_traitsIcESaIcEEES5_E3getERKS5_
FN:179,185,_ZNK7HashMapIiiE3getERKi
FN:188,191,_ZNK7HashMapINSt7__cxx1112basic_stringIcSt11char_traitsIcESaIcEEES5_E8containsERKS5_
FN:188,191,_ZNK7HashMapIibE8containsERKi
FN:194,202,_ZN7HashMapINSt7__cxx1112basic_stringIcSt11char_traitsIcESaIcEEES5_E6removeERKS5_
FN:194,202,_ZN7HashMapIibE6removeERKi
FN:205,210,_ZN7HashMapINSt7__cxx1112basic_stringIcSt11char_traitsIcESaIcEEES5_E5clearEv
FN:205,210,_ZN7HashMapIibE5clearEv
FN:213,215,_ZNK7HashMapINSt7__cxx1112basic_stringIcSt11char_traitsIcESaIcEEES5_E4sizeEv
FN:213,215,_ZNK7HashMapIibE4sizeEv
FN:218,220,_ZNK7HashMapINSt7__cxx1112basic_stringIcSt11char_traitsIcESaIcEEES5_E5emptyEv
FN:218,220,_ZNK7HashMapIibE5emptyEv
FN:223,232,_ZNK7HashMapINSt7__cxx1112basic_stringIcSt11char_traitsIcESaIcEEES5_E5printERSo
FN:264,279,_ZNK7HashMapINSt7__cxx1112basic_stringIcSt11char_traitsIcESaIcEEES5_E12saveToBinaryERSt14basic_ofstreamIcS3_E
FN:282,300,_ZN7HashMapINSt7__cxx1112basic_stringIcSt11char_traitsIcESaIcEEES5_E14loadFromBinaryERSt14basic_ifstreamIcS3_E
FN:304,304,_ZN13CuckooHashMapINSt7__cxx1112basic_stringIcSt11char_traitsIcESaIcEEEiE5EntryC2Ev
FN:307,307,_ZN13CuckooHashMapINSt7__cxx1112basic_stringIcSt11char_traitsIcESaIcEEEiE5EntryC2ERKS5_RKi
FN:310,314,_ZN13CuckooHashMapINSt7__cxx1112basic_stringIcSt11char_traitsIcESaIcEEEiEC2Em
FN:317,320,_ZNK13CuckooHashMapINSt7__cxx1112basic_stringIcSt11char_traitsIcESaIcEEEiE5hash1ERKS5_
FN:323,326,_ZNK13CuckooHashMapINSt7__cxx1112basic_stringIcSt11char_traitsIcESaIcEEEiE5hash2ERKS5_
FN:329,367,_ZN13CuckooHashMapINSt7__cxx1112basic_stringIcSt11char_traitsIcESaIcEEEiE14insertInternalERKS5_RKii
FN:370,390,_ZN13CuckooHashMapINSt7__cxx1112basic_stringIcSt11char_traitsIcESaIcEEEiE3putERKS5_RKi
FN:393,404,_ZNK13CuckooHashMapINSt7__cxx1112basic_stringIcSt11char_traitsIcESaIcEEEiE3getERKS5_
FN:407,413,_ZNK13CuckooHashMapINSt7__cxx1112basic_stringIcSt11char_traitsIcESaIcEEEiE8containsERKS5_
FN:416,431,_ZN13CuckooHashMapINSt7__cxx1112basic_stringIcSt11char_traitsIcESaIcEEEiE6removeERKS5_
FN:434,442,_ZN13CuckooHashMapINSt7__cxx1112basic_stringIcSt11char_traitsIcESaIcEEEiE5clearEv
FN:445,447,_ZNK13CuckooHashMapINSt7__cxx1112basic_stringIcSt11char_traitsIcESaIcEEEiE4sizeEv
FN:450,452,_ZNK13CuckooHashMapINSt7__cxx1112basic_stringIcSt11char_traitsIcESaIcEEEiE5emptyEv
FN:455,469,_ZNK13CuckooHashMapINSt7__cxx1112basic_stringIcSt11char_traitsIcESaIcEEEiE5printERSo
FN:474,474,_ZN3SetIiEC2Em
FN:477,479,_ZN3SetIiE3addERKi
FN:482,484,_ZNK3SetIiE8containsERKi
FN:487,489,_ZN3SetIiE6removeERKi
FN:492,494,_ZN3SetIiE5clearEv
FN:497,499,_ZNK3SetIiE4sizeEv
FN:502,504,_ZNK3SetIiE5emptyEv
FN:507,509,_ZNK3SetIiE5printERSo
FNDA:4848,_ZN7HashMapINSt7__cxx1112basic_stringIcSt11char_traitsIcESaIcEEES5_E5EntryC2Ev
FNDA:2727,_ZN7HashMapIibE5EntryC2Ev
FNDA:303,_ZN7HashMapIiiE5EntryC2Ev
FNDA:213,_ZN7HashMapINSt7__cxx1112basic_stringIcSt11char_traitsIcESaIcEEES5_E5EntryC2ERKS5_S9_
FNDA:42,_ZN7HashMapIibE5EntryC2ERKiRKb
FNDA:9,_ZN7HashMapIiiE5EntryC2ERKiS3_
FNDA:48,_ZN7HashMapINSt7__cxx1112basic_stringIcSt11char_traitsIcESaIcEEES5_EC2Em
FNDA:27,_ZN7HashMapIibEC2Em
FNDA:3,_ZN7HashMapIiiEC2Em
FNDA:423,_ZNK7HashMapINSt7__cxx1112basic_stringIcSt11char_traitsIcESaIcEEES5_E5hash1ERKS5_
FNDA:72,_ZNK7HashMapIibE5hash1ERKi
FNDA:18,_ZNK7HashMapIiiE5hash1ERKi
FNDA:423,_ZNK7HashMapINSt7__cxx1112basic_stringIcSt11char_traitsIcESaIcEEES5_E5hash2ERKS5_
FNDA:72,_ZNK7HashMapIibE5hash2ERKi
FNDA:18,_ZNK7HashMapIiiE5hash2ERKi
FNDA:423,_ZNK7HashMapINSt7__cxx1112basic_stringIcSt11char_traitsIcESaIcEEES5_E9findIndexERKS5_Rm
FNDA:72,_ZNK7HashMapIibE9findIndexERKiRm
FNDA:18,_ZNK7HashMapIiiE9findIndexERKiRm
FNDA:216,_ZN7HashMapINSt7__cxx1112basic_stringIcSt11char_traitsIcESaIcEEES5_E3putERKS5_S8_
FNDA:45,_ZN7HashMapIibE3putERKiRKb
FNDA:9,_ZN7HashMapIiiE3putERKiS2_
FNDA:180,_ZNK7HashMapINSt7__cxx1112basic_stringIcSt11char_traitsIcESaIcEEES5_E3getERKS5_
FNDA:9,_ZNK7HashMapIiiE3getERKi
FNDA:15,_ZNK7HashMapINSt7__cxx1112basic_stringIcSt11char_traitsIcESaIcEEES5_E8containsERKS5_
FNDA:21,_ZNK7HashMapIibE8containsERKi
FNDA:12,_ZN7HashMapINSt7__cxx1112basic_stringIcSt11char_traitsIcESaIcEEES5_E6removeERKS5_
FNDA:6,_ZN7HashMapIibE6removeERKi
FNDA:6,_ZN7HashMapINSt7__cxx1112basic_stringIcSt11char_traitsIcESaIcEEES5_E5clearEv
FNDA:3,_ZN7HashMapIibE5clearEv
FNDA:27,_ZNK7HashMapINSt7__cxx1112basic_stringIcSt11char_traitsIcESaIcEEES5_E4sizeEv
FNDA:24,_ZNK7HashMapIibE4sizeEv
FNDA:6,_ZNK7HashMapINSt7__cxx1112basic_stringIcSt11char_traitsIcESaIcEEES5_E5emptyEv
FNDA:9,_ZNK7HashMapIibE5emptyEv
FNDA:3,_ZNK7HashMapINSt7__cxx1112basic_stringIcSt11char_traitsIcESaIcEEES5_E5printERSo
FNDA:3,_ZNK7HashMapINSt7__cxx1112basic_stringIcSt11char_traitsIcESaIcEEES5_E12saveToBinaryERSt14basic_ofstreamIcS3_E
FNDA:3,_ZN7HashMapINSt7__cxx1112basic_stringIcSt11char_traitsIcESaIcEEES5_E14loadFromBinaryERSt14basic_ifstreamIcS3_E
FNDA:6060,_ZN13CuckooHashMapINSt7__cxx1112basic_stringIcSt11char_traitsIcESaIcEEEiE5EntryC2Ev
FNDA:66,_ZN13CuckooHashMapINSt7__cxx1112basic_stringIcSt11char_traitsIcESaIcEEEiE5EntryC2ERKS5_RKi
FNDA:30,_ZN13CuckooHashMapINSt7__cxx1112basic_stringIcSt11char_traitsIcESaIcEEEiEC2Em
FNDA:192,_ZNK13CuckooHashMapINSt7__cxx1112basic_stringIcSt11char_traitsIcESaIcEEEiE5hash1ERKS5_
FNDA:132,_ZNK13CuckooHashMapINSt7__cxx1112basic_stringIcSt11char_traitsIcESaIcEEEiE5hash2ERKS5_
FNDA:63,_ZN13CuckooHashMapINSt7__cxx1112basic_stringIcSt11char_traitsIcESaIcEEEiE14insertInternalERKS5_RKii
FNDA:66,_ZN13CuckooHashMapINSt7__cxx1112basic_stringIcSt11char_traitsIcESaIcEEEiE3putERKS5_RKi
FNDA:45,_ZNK13CuckooHashMapINSt7__cxx1112basic_stringIcSt11char_traitsIcESaIcEEEiE3getERKS5_
FNDA:75,_ZNK13CuckooHashMapINSt7__cxx1112basic_stringIcSt11char_traitsIcESaIcEEEiE8containsERKS5_
FNDA:6,_ZN13CuckooHashMapINSt7__cxx1112basic_stringIcSt11char_traitsIcESaIcEEEiE6removeERKS5_
FNDA:3,_ZN13CuckooHashMapINSt7__cxx1112basic_stringIcSt11char_traitsIcESaIcEEEiE5clearEv
FNDA:18,_ZNK13CuckooHashMapINSt7__cxx1112basic_stringIcSt11char_traitsIcESaIcEEEiE4sizeEv
FNDA:6,_ZNK13CuckooHashMapINSt7__cxx1112basic_stringIcSt11char_traitsIcESaIcEEEiE5emptyEv
FNDA:3,_ZNK13CuckooHashMapINSt7__cxx1112basic_stringIcSt11char_traitsIcESaIcEEEiE5printERSo
FNDA:27,_ZN3SetIiEC2Em
FNDA:45,_ZN3SetIiE3addERKi
FNDA:21,_ZNK3SetIiE8containsERKi
FNDA:6,_ZN3SetIiE6removeERKi
FNDA:3,_ZN3SetIiE5clearEv
FNDA:24,_ZNK3SetIiE4sizeEv
FNDA:9,_ZNK3SetIiE5emptyEv
FNDA:3,_ZNK3SetIiE5printERSo
FNF:58
FNH:58
DA:121,7878
DA:124,264
DA:127,78
DA:128,78
DA:129,78
DA:130,78
DA:133,513
DA:135,513
DA:139,513
DA:141,513
DA:142,513
DA:146,513
DA:147,513
DA:148,513
DA:149,513
DA:151,633
DA:152,633
DA:153,291
DA:155,342
DA:156,222
DA:158,120
DA:160,0
DA:164,270
DA:165,270
DA:166,0
DA:169,270
DA:170,270
DA:171,6
DA:173,264
DA:174,264
DA:176,270
DA:179,189
DA:181,189
DA:182,372
DA:184,3
DA:188,36
DA:190,72
DA:194,18
DA:196,18
DA:197,9
DA:198,9
DA:199,9
DA:201,9
DA:205,9
DA:206,918
DA:207,909
DA:209,9
DA:210,9
DA:213,51
DA:214,51
DA:218,15
DA:219,15
DA:223,3
DA:224,3
DA:225,306
DA:226,303
DA:227,6
DA:228,6
DA:231,3
DA:232,3
DA:264,3
DA:265,3
DA:266,3
DA:268,306
DA:269,303
DA:270,9
DA:271,9
DA:272,9
DA:274,9
DA:275,9
DA:276,9
DA:279,3
DA:282,3
DA:283,3
DA:285,3
DA:287,12
DA:289,9
DA:290,9
DA:291,9
DA:294,9
DA:295,9
DA:296,9
DA:298,9
DA:299,9
DA:300,3
DA:304,6060
DA:307,66
DA:310,30
DA:311,30
DA:312,30
DA:313,30
DA:314,30
DA:317,192
DA:319,192
DA:323,132
DA:325,132
DA:329,63
DA:330,63
DA:331,0
DA:334,63
DA:336,63
DA:337,60
DA:338,60
DA:341,3
DA:342,0
DA:343,0
DA:346,3
DA:347,3
DA:348,3
DA:350,3
DA:352,3
DA:353,3
DA:354,3
DA:357,0
DA:358,0
DA:359,0
DA:362,0
DA:363,0
DA:364,0
DA:366,0
DA:367,3
DA:370,66
DA:371,66
DA:372,0
DA:375,66
DA:376,3
DA:377,3
DA:379,3
DA:380,3
DA:381,0
DA:382,0
DA:384,3
DA:387,63
DA:388,63
DA:393,45
DA:394,45
DA:395,45
DA:397,45
DA:398,42
DA:400,3
DA:401,3
DA:403,0
DA:407,75
DA:408,75
DA:409,75
DA:411,144
DA:412,144
DA:416,6
DA:417,6
DA:418,6
DA:420,6
DA:421,3
DA:422,3
DA:423,3
DA:425,3
DA:426,0
DA:427,0
DA:428,0
DA:430,3
DA:434,3
DA:435,306
DA:436,303
DA:438,306
DA:439,303
DA:441,3
DA:442,3
DA:445,18
DA:446,18
DA:450,6
DA:451,6
DA:455,3
DA:456,3
DA:457,306
DA:458,303
DA:459,3
DA:462,3
DA:463,306
DA:464,303
DA:465,0
DA:468,3
DA:469,3
DA:474,27
DA:477,45
DA:478,45
DA:479,45
DA:482,21
DA:483,21
DA:487,6
DA:488,6
DA:492,3
DA:493,3
DA:494,3
DA:497,24
DA:498,24
DA:502,9
DA:503,9
DA:507,3
DA:508,3
DA:509,3
LF:199
LH:179
end_of_record
TN:
SF:/home/shuballity/proj/prog_study/2grade/labs/lab3/src/containers/linear.h
FN:105,107,_ZN5ArrayINSt7__cxx1112basic_stringIcSt11char_traitsIcESaIcEEEE5clearEv
FN:109,111,_ZNK5ArrayINSt7__cxx1112basic_stringIcSt11char_traitsIcESaIcEEEE4sizeEv
FN:113,115,_ZNK5ArrayINSt7__cxx1112basic_stringIcSt11char_traitsIcESaIcEEEE5emptyEv
FN:117,124,_ZNK5ArrayINSt7__cxx1112basic_stringIcSt11char_traitsIcESaIcEEEE5printERSo
FN:148,157,_ZNK5ArrayINSt7__cxx1112basic_stringIcSt11char_traitsIcESaIcEEEE12saveToBinaryERSt14basic_ofstreamIcS3_E
FN:160,172,_ZN5ArrayINSt7__cxx1112basic_stringIcSt11char_traitsIcESaIcEEEE14loadFromBinaryERSt14basic_ifstreamIcS3_E
FN:18,26,_ZN5ArrayINSt7__cxx1112basic_stringIcSt11char_traitsIcESaIcEEEE6resizeEv
FN:227,227,_ZN5StackINSt7__cxx1112basic_stringIcSt11char_traitsIcESaIcEEEE4NodeC2ERKS5_
FN:232,232,_ZN5StackINSt7__cxx1112basic_stringIcSt11char_traitsIcESaIcEEEEC2Ev
FN:234,236,_ZN5StackINSt7__cxx1112basic_stringIcSt11char_traitsIcESaIcEEEED0Ev
FN:234,236,_ZN5StackINSt7__cxx1112basic_stringIcSt11char_traitsIcESaIcEEEED2Ev
FN:257,262,_ZN5StackINSt7__cxx1112basic_stringIcSt11char_traitsIcESaIcEEEE4pushERKS5_
FN:264,274,_ZN5StackINSt7__cxx1112basic_stringIcSt11char_traitsIcESaIcEEEE3popEv
FN:276,281,_ZNK5StackINSt7__cxx1112basic_stringIcSt11char_traitsIcESaIcEEEE4peekEv
FN:283,290,_ZN5StackINSt7__cxx1112basic_stringIcSt11char_traitsIcESaIcEEEE5clearEv
FN:29,32,_ZN5ArrayINSt7__cxx1112basic_stringIcSt11char_traitsIcESaIcEEEEC2Em
FN:292,294,_ZNK5StackINSt7__cxx1112basic_stringIcSt11char_traitsIcESaIcEEEE4sizeEv
FN:296,298,_ZNK5StackINSt7__cxx1112basic_stringIcSt11char_traitsIcESaIcEEEE5emptyEv
FN:300,309,_ZNK5StackINSt7__cxx1112basic_stringIcSt11char_traitsIcESaIcEEEE5printERSo
FN:34,36,_ZN5ArrayINSt7__cxx1112basic_stringIcSt11char_traitsIcESaIcEEEED0Ev
FN:34,36,_ZN5ArrayINSt7__cxx1112basic_stringIcSt11char_traitsIcESaIcEEEED2Ev
FN:348,364,_ZNK5StackINSt7__cxx1112basic_stringIcSt11char_traitsIcESaIcEEEE12saveToBinaryERSt14basic_ofstreamIcS3_E
FN:367,384,_ZN5StackINSt7__cxx1112basic_stringIcSt11char_traitsIcESaIcEEEE14loadFromBinaryERSt14basic_ifstreamIcS3_E
FN:392,392,_ZN5QueueINSt7__cxx1112basic_stringIcSt11char_traitsIcESaIcEEEE4NodeC2ERKS5_
FN:398,398,_ZN5QueueINSt7__cxx1112basic_stringIcSt11char_traitsIcESaIcEEEEC2Ev
FN:400,402,_ZN5QueueINSt7__cxx1112basic_stringIcSt11char_traitsIcESaIcEEEED0Ev
FN:400,402,_ZN5QueueINSt7__cxx1112basic_stringIcSt11char_traitsIcESaIcEEEED2Ev
FN:426,435,_ZN5QueueINSt7__cxx1112basic_stringIcSt11char_traitsIcESaIcEEEE7enqueueERKS5_
FN:437,450,_ZN5QueueINSt7__cxx1112basic_stringIcSt11char_traitsIcESaIcEEEE7dequeueEv
FN:452,457,_ZNK5QueueINSt7__cxx1112basic_stringIcSt11char_traitsIcESaIcEEEE4peekEv
FN:459,467,_ZN5QueueINSt7__cxx1112basic_stringIcSt11char_traitsIcESaIcEEEE5clearEv
FN:469,471,_ZNK5QueueINSt7__cxx1112basic_stringIcSt11char_traitsIcESaIcEEEE4sizeEv
FN:473,475,_ZNK5QueueINSt7__cxx1112basic_stringIcSt11char_traitsIcESaIcEEEE5emptyEv
FN:477,486,_ZNK5QueueINSt7__cxx1112basic_stringIcSt11char_traitsIcESaIcEEEE5printERSo
FN:515,526,_ZNK5QueueINSt7__cxx1112basic_stringIcSt11char_traitsIcESaIcEEEE12saveToBinaryERSt14basic_ofstreamIcS3_E
FN:529,541,_ZN5QueueINSt7__cxx1112basic_stringIcSt11char_traitsIcESaIcEEEE14loadFromBinaryERSt14basic_ifstreamIcS3_E
FN:60,65,_ZN5ArrayINSt7__cxx1112basic_stringIcSt11char_traitsIcESaIcEEEE4pushERKS5_
FN:67,72,_ZNK5ArrayINSt7__cxx1112basic_stringIcSt11char_traitsIcESaIcEEEE3getEm
FN:74,86,_ZN5ArrayINSt7__cxx1112basic_stringIcSt11char_traitsIcESaIcEEEE6insertEmRKS5_
FN:88,96,_ZN5ArrayINSt7__cxx1112basic_stringIcSt11char_traitsIcESaIcEEEE6removeEm
FN:98,103,_ZN5ArrayINSt7__cxx1112basic_stringIcSt11char_traitsIcESaIcEEEE7replaceEmRKS5_
FNDA:6,_ZN5ArrayINSt7__cxx1112basic_stringIcSt11char_traitsIcESaIcEEEE5clearEv
FNDA:30,_ZNK5ArrayINSt7__cxx1112basic_stringIcSt11char_traitsIcESaIcEEEE4sizeEv
FNDA:9,_ZNK5ArrayINSt7__cxx1112basic_stringIcSt11char_traitsIcESaIcEEEE5emptyEv
FNDA:3,_ZNK5ArrayINSt7__cxx1112basic_stringIcSt11char_traitsIcESaIcEEEE5printERSo
FNDA:3,_ZNK5ArrayINSt7__cxx1112basic_stringIcSt11char_traitsIcESaIcEEEE12saveToBinaryERSt14basic_ofstreamIcS3_E
FNDA:3,_ZN5ArrayINSt7__cxx1112basic_stringIcSt11char_traitsIcESaIcEEEE14loadFromBinaryERSt14basic_ifstreamIcS3_E
FNDA:12,_ZN5ArrayINSt7__cxx1112basic_stringIcSt11char_traitsIcESaIcEEEE6resizeEv
FNDA:387,_ZN5StackINSt7__cxx1112basic_stringIcSt11char_traitsIcESaIcEEEE4NodeC2ERKS5_
FNDA:36,_ZN5StackINSt7__cxx1112basic_stringIcSt11char_traitsIcESaIcEEEEC2Ev
FNDA:33,_ZN5StackINSt7__cxx1112basic_stringIcSt11char_traitsIcESaIcEEEED0Ev
FNDA:36,_ZN5StackINSt7__cxx1112basic_stringIcSt11char_traitsIcESaIcEEEED2Ev
FNDA:387,_ZN5StackINSt7__cxx1112basic_stringIcSt11char_traitsIcESaIcEEEE4pushERKS5_
FNDA:201,_ZN5StackINSt7__cxx1112basic_stringIcSt11char_traitsIcESaIcEEEE3popEv
FNDA:6,_ZNK5StackINSt7__cxx1112basic_stringIcSt11char_traitsIcESaIcEEEE4peekEv
FNDA:42,_ZN5StackINSt7__cxx1112basic_stringIcSt11char_traitsIcESaIcEEEE5clearEv
FNDA:42,_ZN5ArrayINSt7__cxx1112basic_stringIcSt11char_traitsIcESaIcEEEEC2Em
FNDA:27,_ZNK5StackINSt7__cxx1112basic_stringIcSt11char_traitsIcESaIcEEEE4sizeEv
FNDA:12,_ZNK5StackINSt7__cxx1112basic_stringIcSt11char_traitsIcESaIcEEEE5emptyEv
FNDA:3,_ZNK5StackINSt7__cxx1112basic_stringIcSt11char_traitsIcESaIcEEEE5printERSo
FNDA:39,_ZN5ArrayINSt7__cxx1112basic_stringIcSt11char_traitsIcESaIcEEEED0Ev
FNDA:42,_ZN5ArrayINSt7__cxx1112basic_stringIcSt11char_traitsIcESaIcEEEED2Ev
FNDA:3,_ZNK5StackINSt7__cxx1112basic_stringIcSt11char_traitsIcESaIcEEEE12saveToBinaryERSt14basic_ofstreamIcS3_E
FNDA:3,_ZN5StackINSt7__cxx1112basic_stringIcSt11char_traitsIcESaIcEEEE14loadFromBinaryERSt14basic_ifstreamIcS3_E
FNDA:312,_ZN5QueueINSt7__cxx1112basic_stringIcSt11char_traitsIcESaIcEEEE4NodeC2ERKS5_
FNDA:36,_ZN5QueueINSt7__cxx1112basic_stringIcSt11char_traitsIcESaIcEEEEC2Ev
FNDA:33,_ZN5QueueINSt7__cxx1112basic_stringIcSt11char_traitsIcESaIcEEEED0Ev
FNDA:36,_ZN5QueueINSt7__cxx1112basic_stringIcSt11char_traitsIcESaIcEEEED2Ev
FNDA:312,_ZN5QueueINSt7__cxx1112basic_stringIcSt11char_traitsIcESaIcEEEE7enqueueERKS5_
FNDA:126,_ZN5QueueINSt7__cxx1112basic_stringIcSt11char_traitsIcESaIcEEEE7dequeueEv
FNDA:6,_ZNK5QueueINSt7__cxx1112basic_stringIcSt11char_traitsIcESaIcEEEE4peekEv
FNDA:42,_ZN5QueueINSt7__cxx1112basic_stringIcSt11char_traitsIcESaIcEEEE5clearEv
FNDA:30,_ZNK5QueueINSt7__cxx1112basic_stringIcSt11char_traitsIcESaIcEEEE4sizeEv
FNDA:12,_ZNK5QueueINSt7__cxx1112basic_stringIcSt11char_traitsIcESaIcEEEE5emptyEv
FNDA:3,_ZNK5QueueINSt7__cxx1112basic_stringIcSt11char_traitsIcESaIcEEEE5printERSo
FNDA:3,_ZNK5QueueINSt7__cxx1112basic_stringIcSt11char_traitsIcESaIcEEEE12saveToBinaryERSt14basic_ofstreamIcS3_E
FNDA:3,_ZN5QueueINSt7__cxx1112basic_stringIcSt11char_traitsIcESaIcEEEE14loadFromBinaryERSt14basic_ifstreamIcS3_E
FNDA:375,_ZN5ArrayINSt7__cxx1112basic_stringIcSt11char_traitsIcESaIcEEEE4pushERKS5_
FNDA:54,_ZNK5ArrayINSt7__cxx1112basic_stringIcSt11char_traitsIcESaIcEEEE3getEm
FNDA:9,_ZN5ArrayINSt7__cxx1112basic_stringIcSt11char_traitsIcESaIcEEEE6insertEmRKS5_
FNDA:153,_ZN5ArrayINSt7__cxx1112basic_stringIcSt11char_traitsIcESaIcEEEE6removeEm
FNDA:3,_ZN5ArrayINSt7__cxx1112basic_stringIcSt11char_traitsIcESaIcEEEE7replaceEmRKS5_
FNF:41
FNH:41
DA:18,12
DA:19,12
DA:20,912
DA:21,462
DA:22,450
DA:24,462
DA:25,12
DA:26,12
DA:29,42
DA:30,42
DA:31,462
DA:32,42
DA:34,81
DA:35,912
DA:36,123
DA:60,375
DA:61,375
DA:62,12
DA:64,375
DA:65,375
DA:67,54
DA:68,54
DA:69,6
DA:71,48
DA:74,9
DA:75,9
DA:76,0
DA:78,9
DA:79,0
DA:81,15
DA:82,6
DA:84,9
DA:85,9
DA:86,9
DA:88,153
DA:89,153
DA:90,0
DA:92,11331
DA:93,11178
DA:95,153
DA:96,153
DA:98,3
DA:99,3
DA:100,0
DA:102,3
DA:103,3
DA:105,6
DA:106,6
DA:107,6
DA:109,30
DA:110,30
DA:113,9
DA:114,9
DA:117,3
DA:118,3
DA:119,9
DA:120,6
DA:121,6
DA:123,3
DA:124,3
DA:148,3
DA:149,3
DA:150,3
DA:152,12
DA:153,9
DA:154,9
DA:155,9
DA:157,3
DA:160,3
DA:161,3
DA:163,3
DA:165,12
DA:167,9
DA:168,9
DA:169,9
DA:170,9
DA:171,9
DA:172,3
DA:227,387
DA:232,36
DA:234,69
DA:235,36
DA:236,69
DA:257,387
DA:258,387
DA:259,387
DA:260,387
DA:261,387
DA:262,387
DA:264,201
DA:265,201
DA:266,3
DA:268,198
DA:269,198
DA:270,198
DA:271,198
DA:272,198
DA:273,198
DA:276,6
DA:277,6
DA:278,3
DA:280,3
DA:283,42
DA:284,273
DA:285,189
DA:286,189
DA:287,189
DA:289,42
DA:290,42
DA:292,27
DA:293,27
DA:296,12
DA:297,12
DA:300,3
DA:301,3
DA:302,3
DA:303,12
DA:304,9
DA:305,9
DA:306,9
DA:308,3
DA:309,3
DA:348,3
DA:349,3
DA:350,3
DA:352,3
DA:353,3
DA:354,12
DA:355,9
DA:356,9
DA:359,12
DA:360,9
DA:361,9
DA:362,9
DA:364,3
DA:367,3
DA:368,3
DA:370,3
DA:372,3
DA:373,12
DA:375,9
DA:376,9
DA:377,9
DA:378,9
DA:379,9
DA:381,12
DA:382,9
DA:384,3
DA:392,312
DA:398,36
DA:400,69
DA:401,36
DA:402,69
DA:426,312
DA:427,312
DA:428,312
DA:429,27
DA:431,285
DA:432,285
DA:434,312
DA:435,312
DA:437,126
DA:438,126
DA:439,3
DA:441,123
DA:442,123
DA:443,123
DA:444,123
DA:445,9
DA:447,123
DA:448,123
DA:449,123
DA:452,6
DA:453,6
DA:454,3
DA:456,3
DA:459,42
DA:460,273
DA:461,189
DA:462,189
DA:463,189
DA:465,42
DA:466,42
DA:467,42
DA:469,30
DA:470,30
DA:473,12
DA:474,12
DA:477,3
DA:478,3
DA:479,3
DA:480,12
DA:481,9
DA:482,9
DA:483,9
DA:485,3
DA:486,3
DA:515,3
DA:516,3
DA:517,3
DA:519,3
DA:520,12
DA:521,9
DA:522,9
DA:523,9
DA:524,9
DA:526,3
DA:529,3
DA:530,3
DA:532,3
DA:534,12
DA:536,9
DA:537,9
DA:538,9
DA:539,9
DA:540,9
DA:541,3
LF:217
LH:213
end_of_record
TN:
SF:/home/shuballity/proj/prog_study/2grade/labs/lab3/src/containers/singlelist.cpp
FN:11,13,_ZN10SingleListIiED0Ev
FN:11,13,_ZN10SingleListIiED2Ev
FN:16,21,_ZN10SingleListIiE7addHeadERKi
FN:24,36,_ZN10SingleListIiE7addTailERKi
FN:39,62,_ZN10SingleListIiE6removeERKi
FN:5,5,_ZN10SingleListIiE4NodeC2ERKi
FN:65,74,_ZNK10SingleListIiE8containsERKi
FN:77,84,_ZN10SingleListIiE5clearEv
FN:8,8,_ZN10SingleListIiEC2Ev
FN:87,89,_ZNK10SingleListIiE4sizeEv
FN:92,94,_ZNK10SingleListIiE5emptyEv
FN:97,106,_ZNK10SingleListIiE5printERSo
FNDA:33,_ZN10SingleListIiED0Ev
FNDA:33,_ZN10SingleListIiED2Ev
FNDA:12,_ZN10SingleListIiE7addHeadERKi
FNDA:60,_ZN10SingleListIiE7addTailERKi
FNDA:12,_ZN10SingleListIiE6removeERKi
FNDA:72,_ZN10SingleListIiE4NodeC2ERKi
FNDA:30,_ZNK10SingleListIiE8containsERKi
FNDA:36,_ZN10SingleListIiE5clearEv
FNDA:33,_ZN10SingleListIiEC2Ev
FNDA:27,_ZNK10SingleListIiE4sizeEv
FNDA:9,_ZNK10SingleListIiE5emptyEv
FNDA:3,_ZNK10SingleListIiE5printERSo
FNF:12
FNH:12
DA:5,72
DA:8,33
DA:11,66
DA:12,33
DA:13,66
DA:16,12
DA:17,12
DA:18,12
DA:19,12
DA:20,12
DA:21,12
DA:24,60
DA:25,60
DA:26,60
DA:27,24
DA:29,36
DA:30,51
DA:31,15
DA:33,36
DA:35,60
DA:36,60
DA:39,12
DA:40,12
DA:42,12
DA:43,3
DA:44,3
DA:45,3
DA:46,3
DA:47,3
DA:50,9
DA:51,12
DA:52,9
DA:53,6
DA:54,6
DA:55,6
DA:56,6
DA:57,6
DA:59,3
DA:61,3
DA:65,30
DA:66,30
DA:67,57
DA:68,48
DA:69,21
DA:71,27
DA:73,9
DA:77,36
DA:78,135
DA:79,63
DA:80,63
DA:81,63
DA:83,36
DA:84,36
DA:87,27
DA:88,27
DA:92,9
DA:93,9
DA:97,3
DA:98,3
DA:99,3
DA:100,12
DA:101,9
DA:102,9
DA:103,9
DA:105,3
DA:106,3
LF:66
LH:66
end_of_record
TN:
SF:/home/shuballity/proj/prog_study/2grade/labs/lab3/tests/test_array.cpp
FN:10,12,_ZN9ArrayTest5SetUpEv
FN:104,115,_ZN33ArrayTest_MultipleOperations_Test8TestBodyEv
FN:104,115,_ZN33ArrayTest_MultipleOperations_TestC2Ev
FN:104,115,_ZN33ArrayTest_MultipleOperations_TestD0Ev
FN:104,115,_ZN33ArrayTest_MultipleOperations_TestD2Ev
FN:117,125,_ZN20ArrayTest_Print_Test8TestBodyEv
FN:117,125,_ZN20ArrayTest_Print_TestC2Ev
FN:117,125,_ZN20ArrayTest_Print_TestD0Ev
FN:117,125,_ZN20ArrayTest_Print_TestD2Ev
FN:127,150,_ZN34ArrayTest_BinarySerialization_Test8TestBodyEv
FN:127,150,_ZN34ArrayTest_BinarySerialization_TestC2Ev
FN:127,150,_ZN34ArrayTest_BinarySerialization_TestD0Ev
FN:127,150,_ZN34ArrayTest_BinarySerialization_TestD2Ev
FN:14,16,_ZN9ArrayTest8TearDownEv
FN:19,19,_ZN33ArrayTest_DefaultConstructor_Test8TestBodyEv
FN:19,19,_ZN33ArrayTest_DefaultConstructor_TestC2Ev
FN:19,19,_ZN33ArrayTest_DefaultConstructor_TestD0Ev
FN:19,19,_ZN33ArrayTest_DefaultConstructor_TestD2Ev
FN:24,24,_ZN26ArrayTest_PushAndSize_Test8TestBodyEv
FN:24,24,_ZN26ArrayTest_PushAndSize_TestC2Ev
FN:24,24,_ZN26ArrayTest_PushAndSize_TestD0Ev
FN:24,24,_ZN26ArrayTest_PushAndSize_TestD2Ev
FN:33,33,_ZN25ArrayTest_GetElement_Test8TestBodyEv
FN:33,33,_ZN25ArrayTest_GetElement_TestC2Ev
FN:33,33,_ZN25ArrayTest_GetElement_TestD0Ev
FN:33,33,_ZN25ArrayTest_GetElement_TestD2Ev
FN:43,43,_ZN29ArrayTest_GetOutOfBounds_Test8TestBodyEv
FN:43,43,_ZN29ArrayTest_GetOutOfBounds_TestC2Ev
FN:43,43,_ZN29ArrayTest_GetOutOfBounds_TestD0Ev
FN:43,43,_ZN29ArrayTest_GetOutOfBounds_TestD2Ev
FN:49,58,_ZN21ArrayTest_Insert_Test8TestBodyEv
FN:49,58,_ZN21ArrayTest_Insert_TestC2Ev
FN:49,58,_ZN21ArrayTest_Insert_TestD0Ev
FN:49,58,_ZN21ArrayTest_Insert_TestD2Ev
FN:60,66,_ZN32ArrayTest_InsertAtBeginning_Test8TestBodyEv
FN:60,66,_ZN32ArrayTest_InsertAtBeginning_TestC2Ev
FN:60,66,_ZN32ArrayTest_InsertAtBeginning_TestD0Ev
FN:60,66,_ZN32ArrayTest_InsertAtBeginning_TestD2Ev
FN:68,68,_ZN26ArrayTest_InsertAtEnd_Test8TestBodyEv
FN:68,68,_ZN26ArrayTest_InsertAtEnd_TestC2Ev
FN:68,68,_ZN26ArrayTest_InsertAtEnd_TestD0Ev
FN:68,68,_ZN26ArrayTest_InsertAtEnd_TestD2Ev
FN:75,75,_ZN21ArrayTest_Remove_Test8TestBodyEv
FN:75,75,_ZN21ArrayTest_Remove_TestC2Ev
FN:75,75,_ZN21ArrayTest_Remove_TestD0Ev
FN:75,75,_ZN21ArrayTest_Remove_TestD2Ev
FN:86,86,_ZN22ArrayTest_Replace_Test8TestBodyEv
FN:86,86,_ZN22ArrayTest_Replace_TestC2Ev
FN:86,86,_ZN22ArrayTest_Replace_TestD0Ev
FN:86,86,_ZN22ArrayTest_Replace_TestD2Ev
FN:95,95,_ZN20ArrayTest_Clear_Test8TestBodyEv
FN:95,95,_ZN20ArrayTest_Clear_TestC2Ev
FN:95,95,_ZN20ArrayTest_Clear_TestD0Ev
FN:95,95,_ZN20ArrayTest_Clear_TestD2Ev
FNDA:39,_ZN9ArrayTest5SetUpEv
FNDA:3,_ZN33ArrayTest_MultipleOperations_Test8TestBodyEv
FNDA:3,_ZN33ArrayTest_MultipleOperations_TestC2Ev
FNDA:3,_ZN33ArrayTest_MultipleOperations_TestD0Ev
FNDA:3,_ZN33ArrayTest_MultipleOperations_TestD2Ev
FNDA:3,_ZN20ArrayTest_Print_Test8TestBodyEv
FNDA:3,_ZN20ArrayTest_Print_TestC2Ev
FNDA:3,_ZN20ArrayTest_Print_TestD0Ev
FNDA:3,_ZN20ArrayTest_Print_TestD2Ev
FNDA:3,_ZN34ArrayTest_BinarySerialization_Test8TestBodyEv
FNDA:3,_ZN34ArrayTest_BinarySerialization_TestC2Ev
FNDA:3,_ZN34ArrayTest_BinarySerialization_TestD0Ev
FNDA:3,_ZN34ArrayTest_BinarySerialization_TestD2Ev
FNDA:39,_ZN9ArrayTest8TearDownEv
FNDA:3,_ZN33ArrayTest_DefaultConstructor_Test8TestBodyEv
FNDA:3,_ZN33ArrayTest_DefaultConstructor_TestC2Ev
FNDA:3,_ZN33ArrayTest_DefaultConstructor_TestD0Ev
FNDA:3,_ZN33ArrayTest_DefaultConstructor_TestD2Ev
FNDA:3,_ZN26ArrayTest_PushAndSize_Test8TestBodyEv
FNDA:3,_ZN26ArrayTest_PushAndSize_TestC2Ev
FNDA:3,_ZN26ArrayTest_PushAndSize_TestD0Ev
FNDA:3,_ZN26ArrayTest_PushAndSize_TestD2Ev
FNDA:3,_ZN25ArrayTest_GetElement_Test8TestBodyEv
FNDA:3,_ZN25ArrayTest_GetElement_TestC2Ev
FNDA:3,_ZN25ArrayTest_GetElement_TestD0Ev
FNDA:3,_ZN25ArrayTest_GetElement_TestD2Ev
FNDA:3,_ZN29ArrayTest_GetOutOfBounds_Test8TestBodyEv
FNDA:3,_ZN29ArrayTest_GetOutOfBounds_TestC2Ev
FNDA:3,_ZN29ArrayTest_GetOutOfBounds_TestD0Ev
FNDA:3,_ZN29ArrayTest_GetOutOfBounds_TestD2Ev
FNDA:3,_ZN21ArrayTest_Insert_Test8TestBodyEv
FNDA:3,_ZN21ArrayTest_Insert_TestC2Ev
FNDA:3,_ZN21ArrayTest_Insert_TestD0Ev
FNDA:3,_ZN21ArrayTest_Insert_TestD2Ev
FNDA:3,_ZN32ArrayTest_InsertAtBeginning_Test8TestBodyEv
FNDA:3,_ZN32ArrayTest_InsertAtBeginning_TestC2Ev
FNDA:3,_ZN32ArrayTest_InsertAtBeginning_TestD0Ev
FNDA:3,_ZN32ArrayTest_InsertAtBeginning_TestD2Ev
FNDA:3,_ZN26ArrayTest_InsertAtEnd_Test8TestBodyEv
FNDA:3,_ZN26ArrayTest_InsertAtEnd_TestC2Ev
FNDA:3,_ZN26ArrayTest_InsertAtEnd_TestD0Ev
FNDA:3,_ZN26ArrayTest_InsertAtEnd_TestD2Ev
FNDA:3,_ZN21ArrayTest_Remove_Test8TestBodyEv
FNDA:3,_ZN21ArrayTest_Remove_TestC2Ev
FNDA:3,_ZN21ArrayTest_Remove_TestD0Ev
FNDA:3,_ZN21ArrayTest_Remove_TestD2Ev
FNDA:3,_ZN22ArrayTest_Replace_Test8TestBodyEv
FNDA:3,_ZN22ArrayTest_Replace_TestC2Ev
FNDA:3,_ZN22ArrayTest_Replace_TestD0Ev
FNDA:3,_ZN22ArrayTest_Replace_TestD2Ev
FNDA:3,_ZN20ArrayTest_Clear_Test8TestBodyEv
FNDA:3,_ZN20ArrayTest_Clear_TestC2Ev
FNDA:3,_ZN20ArrayTest_Clear_TestD0Ev
FNDA:3,_ZN20ArrayTest_Clear_TestD2Ev
FNF:54
FNH:54
DA:10,39
DA:11,39
DA:12,39
DA:14,39
DA:15,39
DA:16,39
DA:19,12
DA:20,3
DA:21,3
DA:22,3
DA:24,12
DA:25,6
DA:26,3
DA:27,3
DA:29,6
DA:30,3
DA:31,3
DA:33,12
DA:34,6
DA:35,6
DA:36,6
DA:38,3
DA:39,3
DA:40,3
DA:41,3
DA:43,12
DA:44,6
DA:45,3
DA:46,3
DA:47,3
DA:49,12
DA:50,6
DA:51,6
DA:52,6
DA:54,3
DA:55,3
DA:56,3
DA:57,3
DA:58,3
DA:60,12
DA:61,6
DA:62,6
DA:64,3
DA:65,3
DA:66,3
DA:68,12
DA:69,6
DA:70,6
DA:72,3
DA:73,3
DA:75,12
DA:76,6
DA:77,6
DA:78,6
DA:79,3
DA:81,3
DA:82,3
DA:83,3
DA:84,3
DA:86,12
DA:87,6
DA:88,9
DA:89,6
DA:91,3
DA:92,3
DA:93,3
DA:95,12
DA:96,6
DA:97,6
DA:98,3
DA:100,3
DA:101,3
DA:102,3
DA:104,12
DA:105,303
DA:106,300
DA:108,3
DA:110,153
DA:111,150
DA:113,3
DA:114,3
DA:115,3
DA:117,12
DA:118,6
DA:119,6
DA:121,3
DA:122,3
DA:124,3
DA:125,3
DA:127,12
DA:128,6
DA:129,6
DA:130,6
DA:133,3
DA:134,3
DA:135,3
DA:138,3
DA:139,3
DA:140,3
DA:141,3
DA:143,3
DA:144,3
DA:145,3
DA:146,3
DA:149,3
DA:150,3
LF:106
LH:106
end_of_record
TN:
SF:/home/shuballity/proj/prog_study/2grade/labs/lab3/tests/test_avltree.cpp
FN:108,121,_ZN37AVLTreeTest_BalanceRightRotation_Test8TestBodyEv
FN:108,121,_ZN37AVLTreeTest_BalanceRightRotation_TestC2Ev
FN:108,121,_ZN37AVLTreeTest_BalanceRightRotation_TestD0Ev
FN:108,121,_ZN37AVLTreeTest_BalanceRightRotation_TestD2Ev
FN:123,123,_ZN41AVLTreeTest_BalanceLeftRightRotation_Test8TestBodyEv
FN:123,123,_ZN41AVLTreeTest_BalanceLeftRightRotation_TestC2Ev
FN:123,123,_ZN41AVLTreeTest_BalanceLeftRightRotation_TestD0Ev
FN:123,123,_ZN41AVLTreeTest_BalanceLeftRightRotation_TestD2Ev
FN:13,15,_ZN11AVLTreeTest8TearDownEv
FN:134,134,_ZN41AVLTreeTest_BalanceRightLeftRotation_Test8TestBodyEv
FN:134,134,_ZN41AVLTreeTest_BalanceRightLeftRotation_TestC2Ev
FN:134,134,_ZN41AVLTreeTest_BalanceRightLeftRotation_TestD0Ev
FN:134,134,_ZN41AVLTreeTest_BalanceRightLeftRotation_TestD2Ev
FN:145,145,_ZN35AVLTreeTest_MultipleOperations_Test8TestBodyEv
FN:145,145,_ZN35AVLTreeTest_MultipleOperations_TestC2Ev
FN:145,145,_ZN35AVLTreeTest_MultipleOperations_TestD0Ev
FN:145,145,_ZN35AVLTreeTest_MultipleOperations_TestD2Ev
FN:169,199,_ZN36AVLTreeTest_BinarySerialization_Test8TestBodyEv
FN:169,199,_ZN36AVLTreeTest_BinarySerialization_TestC2Ev
FN:169,199,_ZN36AVLTreeTest_BinarySerialization_TestD0Ev
FN:169,199,_ZN36AVLTreeTest_BinarySerialization_TestD2Ev
FN:18,18,_ZN35AVLTreeTest_DefaultConstructor_Test8TestBodyEv
FN:18,18,_ZN35AVLTreeTest_DefaultConstructor_TestC2Ev
FN:18,18,_ZN35AVLTreeTest_DefaultConstructor_TestD0Ev
FN:18,18,_ZN35AVLTreeTest_DefaultConstructor_TestD2Ev
FN:201,208,_ZN31AVLTreeTest_RemoveRootNode_Test8TestBodyEv
FN:201,208,_ZN31AVLTreeTest_RemoveRootNode_TestC2Ev
FN:201,208,_ZN31AVLTreeTest_RemoveRootNode_TestD0Ev
FN:201,208,_ZN31AVLTreeTest_RemoveRootNode_TestD2Ev
FN:210,218,_ZN32AVLTreeTest_RemoveLeafNodes_Test8TestBodyEv
FN:210,218,_ZN32AVLTreeTest_RemoveLeafNodes_TestC2Ev
FN:210,218,_ZN32AVLTreeTest_RemoveLeafNodes_TestD0Ev
FN:210,218,_ZN32AVLTreeTest_RemoveLeafNodes_TestD2Ev
FN:220,220,_ZN22AVLTreeTest_Print_Test8TestBodyEv
FN:220,220,_ZN22AVLTreeTest_Print_TestC2Ev
FN:220,220,_ZN22AVLTreeTest_Print_TestD0Ev
FN:220,220,_ZN22AVLTreeTest_Print_TestD2Ev
FN:23,23,_ZN23AVLTreeTest_Insert_Test8TestBodyEv
FN:23,23,_ZN23AVLTreeTest_Insert_TestC2Ev
FN:23,23,_ZN23AVLTreeTest_Insert_TestD0Ev
FN:23,23,_ZN23AVLTreeTest_Insert_TestD2Ev
FN:232,234,_ZN30AVLTreeTest_SearchInEmpty_Test8TestBodyEv
FN:232,234,_ZN30AVLTreeTest_SearchInEmpty_TestC2Ev
FN:232,234,_ZN30AVLTreeTest_SearchInEmpty_TestD0Ev
FN:232,234,_ZN30AVLTreeTest_SearchInEmpty_TestD2Ev
FN:236,236,_ZN33AVLTreeTest_ComplexRotations_Test8TestBodyEv
FN:236,236,_ZN33AVLTreeTest_ComplexRotations_TestC2Ev
FN:236,236,_ZN33AVLTreeTest_ComplexRotations_TestD0Ev
FN:236,236,_ZN33AVLTreeTest_ComplexRotations_TestD2Ev
FN:29,29,_ZN31AVLTreeTest_InsertMultiple_Test8TestBodyEv
FN:29,29,_ZN31AVLTreeTest_InsertMultiple_TestC2Ev
FN:29,29,_ZN31AVLTreeTest_InsertMultiple_TestD0Ev
FN:29,29,_ZN31AVLTreeTest_InsertMultiple_TestD2Ev
FN:44,44,_ZN32AVLTreeTest_InsertDuplicate_Test8TestBodyEv
FN:44,44,_ZN32AVLTreeTest_InsertDuplicate_TestC2Ev
FN:44,44,_ZN32AVLTreeTest_InsertDuplicate_TestD0Ev
FN:44,44,_ZN32AVLTreeTest_InsertDuplicate_TestD2Ev
FN:51,51,_ZN23AVLTreeTest_Remove_Test8TestBodyEv
FN:51,51,_ZN23AVLTreeTest_Remove_TestC2Ev
FN:51,51,_ZN23AVLTreeTest_Remove_TestD0Ev
FN:51,51,_ZN23AVLTreeTest_Remove_TestD2Ev
FN:61,65,_ZN34AVLTreeTest_RemoveNonExistent_Test8TestBodyEv
FN:61,65,_ZN34AVLTreeTest_RemoveNonExistent_TestC2Ev
FN:61,65,_ZN34AVLTreeTest_RemoveNonExistent_TestD0Ev
FN:61,65,_ZN34AVLTreeTest_RemoveNonExistent_TestD2Ev
FN:67,70,_ZN32AVLTreeTest_RemoveFromEmpty_Test8TestBodyEv
FN:67,70,_ZN32AVLTreeTest_RemoveFromEmpty_TestC2Ev
FN:67,70,_ZN32AVLTreeTest_RemoveFromEmpty_TestD0Ev
FN:67,70,_ZN32AVLTreeTest_RemoveFromEmpty_TestD2Ev
FN:72,72,_ZN23AVLTreeTest_Search_Test8TestBodyEv
FN:72,72,_ZN23AVLTreeTest_Search_TestC2Ev
FN:72,72,_ZN23AVLTreeTest_Search_TestD0Ev
FN:72,72,_ZN23AVLTreeTest_Search_TestD2Ev
FN:83,83,_ZN22AVLTreeTest_Clear_Test8TestBodyEv
FN:83,83,_ZN22AVLTreeTest_Clear_TestC2Ev
FN:83,83,_ZN22AVLTreeTest_Clear_TestD0Ev
FN:83,83,_ZN22AVLTreeTest_Clear_TestD2Ev
FN:9,11,_ZN11AVLTreeTest5SetUpEv
FN:93,93,_ZN36AVLTreeTest_BalanceLeftRotation_Test8TestBodyEv
FN:93,93,_ZN36AVLTreeTest_BalanceLeftRotation_TestC2Ev
FN:93,93,_ZN36AVLTreeTest_BalanceLeftRotation_TestD0Ev
FN:93,93,_ZN36AVLTreeTest_BalanceLeftRotation_TestD2Ev
FNDA:3,_ZN37AVLTreeTest_BalanceRightRotation_Test8TestBodyEv
FNDA:3,_ZN37AVLTreeTest_BalanceRightRotation_TestC2Ev
FNDA:3,_ZN37AVLTreeTest_BalanceRightRotation_TestD0Ev
FNDA:3,_ZN37AVLTreeTest_BalanceRightRotation_TestD2Ev
FNDA:3,_ZN41AVLTreeTest_BalanceLeftRightRotation_Test8TestBodyEv
FNDA:3,_ZN41AVLTreeTest_BalanceLeftRightRotation_TestC2Ev
FNDA:3,_ZN41AVLTreeTest_BalanceLeftRightRotation_TestD0Ev
FNDA:3,_ZN41AVLTreeTest_BalanceLeftRightRotation_TestD2Ev
FNDA:60,_ZN11AVLTreeTest8TearDownEv
FNDA:3,_ZN41AVLTreeTest_BalanceRightLeftRotation_Test8TestBodyEv
FNDA:3,_ZN41AVLTreeTest_BalanceRightLeftRotation_TestC2Ev
FNDA:3,_ZN41AVLTreeTest_BalanceRightLeftRotation_TestD0Ev
FNDA:3,_ZN41AVLTreeTest_BalanceRightLeftRotation_TestD2Ev
FNDA:3,_ZN35AVLTreeTest_MultipleOperations_Test8TestBodyEv
FNDA:3,_ZN35AVLTreeTest_MultipleOperations_TestC2Ev
FNDA:3,_ZN35AVLTreeTest_MultipleOperations_TestD0Ev
FNDA:3,_ZN35AVLTreeTest_MultipleOperations_TestD2Ev
FNDA:3,_ZN36AVLTreeTest_BinarySerialization_Test8TestBodyEv
FNDA:3,_ZN36AVLTreeTest_BinarySerialization_TestC2Ev
FNDA:3,_ZN36AVLTreeTest_BinarySerialization_TestD0Ev
FNDA:3,_ZN36AVLTreeTest_BinarySerialization_TestD2Ev
FNDA:3,_ZN35AVLTreeTest_DefaultConstructor_Test8TestBodyEv
FNDA:3,_ZN35AVLTreeTest_DefaultConstructor_TestC2Ev
FNDA:3,_ZN35AVLTreeTest_DefaultConstructor_TestD0Ev
FNDA:3,_ZN35AVLTreeTest_DefaultConstructor_TestD2Ev
FNDA:3,_ZN31AVLTreeTest_RemoveRootNode_Test8TestBodyEv
FNDA:3,_ZN31AVLTreeTest_RemoveRootNode_TestC2Ev
FNDA:3,_ZN31AVLTreeTest_RemoveRootNode_TestD0Ev
FNDA:3,_ZN31AVLTreeTest_RemoveRootNode_TestD2Ev
FNDA:3,_ZN32AVLTreeTest_RemoveLeafNodes_Test8TestBodyEv
FNDA:3,_ZN32AVLTreeTest_RemoveLeafNodes_TestC2Ev
FNDA:3,_ZN32AVLTreeTest_RemoveLeafNodes_TestD0Ev
FNDA:3,_ZN32AVLTreeTest_RemoveLeafNodes_TestD2Ev
FNDA:3,_ZN22AVLTreeTest_Print_Test8TestBodyEv
FNDA:3,_ZN22AVLTreeTest_Print_TestC2Ev
FNDA:3,_ZN22AVLTreeTest_Print_TestD0Ev
FNDA:3,_ZN22AVLTreeTest_Print_TestD2Ev
FNDA:3,_ZN23AVLTreeTest_Insert_Test8TestBodyEv
FNDA:3,_ZN23AVLTreeTest_Insert_TestC2Ev
FNDA:3,_ZN23AVLTreeTest_Insert_TestD0Ev
FNDA:3,_ZN23AVLTreeTest_Insert_TestD2Ev
FNDA:3,_ZN30AVLTreeTest_SearchInEmpty_Test8TestBodyEv
FNDA:3,_ZN30AVLTreeTest_SearchInEmpty_TestC2Ev
FNDA:3,_ZN30AVLTreeTest_SearchInEmpty_TestD0Ev
FNDA:3,_ZN30AVLTreeTest_SearchInEmpty_TestD2Ev
FNDA:3,_ZN33AVLTreeTest_ComplexRotations_Test8TestBodyEv
FNDA:3,_ZN33AVLTreeTest_ComplexRotations_TestC2Ev
FNDA:3,_ZN33AVLTreeTest_ComplexRotations_TestD0Ev
FNDA:3,_ZN33AVLTreeTest_ComplexRotations_TestD2Ev
FNDA:3,_ZN31AVLTreeTest_InsertMultiple_Test8TestBodyEv
FNDA:3,_ZN31AVLTreeTest_InsertMultiple_TestC2Ev
FNDA:3,_ZN31AVLTreeTest_InsertMultiple_TestD0Ev
FNDA:3,_ZN31AVLTreeTest_InsertMultiple_TestD2Ev
FNDA:3,_ZN32AVLTreeTest_InsertDuplicate_Test8TestBodyEv
FNDA:3,_ZN32AVLTreeTest_InsertDuplicate_TestC2Ev
FNDA:3,_ZN32AVLTreeTest_InsertDuplicate_TestD0Ev
FNDA:3,_ZN32AVLTreeTest_InsertDuplicate_TestD2Ev
FNDA:3,_ZN23AVLTreeTest_Remove_Test8TestBodyEv
FNDA:3,_ZN23AVLTreeTest_Remove_TestC2Ev
FNDA:3,_ZN23AVLTreeTest_Remove_TestD0Ev
FNDA:3,_ZN23AVLTreeTest_Remove_TestD2Ev
FNDA:3,_ZN34AVLTreeTest_RemoveNonExistent_Test8TestBodyEv
FNDA:3,_ZN34AVLTreeTest_RemoveNonExistent_TestC2Ev
FNDA:3,_ZN34AVLTreeTest_RemoveNonExistent_TestD0Ev
FNDA:3,_ZN34AVLTreeTest_RemoveNonExistent_TestD2Ev
FNDA:3,_ZN32AVLTreeTest_RemoveFromEmpty_Test8TestBodyEv
FNDA:3,_ZN32AVLTreeTest_RemoveFromEmpty_TestC2Ev
FNDA:3,_ZN32AVLTreeTest_RemoveFromEmpty_TestD0Ev
FNDA:3,_ZN32AVLTreeTest_RemoveFromEmpty_TestD2Ev
FNDA:3,_ZN23AVLTreeTest_Search_Test8TestBodyEv
FNDA:3,_ZN23AVLTreeTest_Search_TestC2Ev
FNDA:3,_ZN23AVLTreeTest_Search_TestD0Ev
FNDA:3,_ZN23AVLTreeTest_Search_TestD2Ev
FNDA:3,_ZN22AVLTreeTest_Clear_Test8TestBodyEv
FNDA:3,_ZN22AVLTreeTest_Clear_TestC2Ev
FNDA:3,_ZN22AVLTreeTest_Clear_TestD0Ev
FNDA:3,_ZN22AVLTreeTest_Clear_TestD2Ev
FNDA:60,_ZN11AVLTreeTest5SetUpEv
FNDA:3,_ZN36AVLTreeTest_BalanceLeftRotation_Test8TestBodyEv
FNDA:3,_ZN36AVLTreeTest_BalanceLeftRotation_TestC2Ev
FNDA:3,_ZN36AVLTreeTest_BalanceLeftRotation_TestD0Ev
FNDA:3,_ZN36AVLTreeTest_BalanceLeftRotation_TestD2Ev
FNF:82
FNH:82
DA:9,60
DA:10,60
DA:11,60
DA:13,60
DA:14,60
DA:15,60
DA:18,12
DA:19,3
DA:20,3
DA:21,3
DA:23,12
DA:24,3
DA:25,3
DA:26,3
DA:27,3
DA:29,12
DA:30,3
DA:31,3
DA:32,3
DA:33,3
DA:34,3
DA:36,3
DA:37,3
DA:38,3
DA:39,3
DA:40,3
DA:41,3
DA:42,3
DA:44,12
DA:45,3
DA:46,3
DA:48,3
DA:49,3
DA:51,12
DA:52,3
DA:53,3
DA:54,3
DA:56,3
DA:57,3
DA:58,3
DA:59,3
DA:61,12
DA:62,3
DA:63,3
DA:64,3
DA:65,3
DA:67,12
DA:68,3
DA:69,3
DA:70,3
DA:72,12
DA:73,3
DA:74,3
DA:75,3
DA:77,3
DA:78,3
DA:79,3
DA:80,3
DA:81,3
DA:83,12
DA:84,3
DA:85,3
DA:86,3
DA:88,3
DA:89,3
DA:90,3
DA:91,3
DA:93,12
DA:95,3
DA:96,3
DA:97,3
DA:98,3
DA:99,3
DA:101,3
DA:103,18
DA:104,15
DA:106,3
DA:108,12
DA:110,3
DA:111,3
DA:112,3
DA:113,3
DA:114,3
DA:116,3
DA:118,18
DA:119,15
DA:121,3
DA:123,12
DA:124,3
DA:125,3
DA:126,3
DA:128,3
DA:129,3
DA:130,3
DA:131,3
DA:132,3
DA:134,12
DA:135,3
DA:136,3
DA:137,3
DA:139,3
DA:140,3
DA:141,3
DA:142,3
DA:143,3
DA:145,12
DA:147,303
DA:148,300
DA:150,3
DA:153,303
DA:154,300
DA:158,153
DA:159,150
DA:161,3
DA:164,153
DA:165,150
DA:167,3
DA:169,12
DA:170,3
DA:171,3
DA:172,3
DA:173,3
DA:174,3
DA:175,3
DA:176,3
DA:179,3
DA:180,3
DA:181,3
DA:184,3
DA:185,3
DA:186,3
DA:187,3
DA:189,3
DA:190,3
DA:191,3
DA:192,3
DA:193,3
DA:194,3
DA:195,3
DA:196,3
DA:198,3
DA:199,3
DA:201,12
DA:202,3
DA:203,3
DA:204,3
DA:205,3
DA:206,3
DA:207,3
DA:208,3
DA:210,12
DA:211,3
DA:212,3
DA:213,3
DA:214,3
DA:215,3
DA:216,3
DA:217,3
DA:218,3
DA:220,12
DA:221,3
DA:222,3
DA:223,3
DA:224,3
DA:225,3
DA:226,3
DA:227,3
DA:228,3
DA:229,3
DA:230,3
DA:232,12
DA:233,3
DA:234,3
DA:236,12
DA:237,3
DA:238,3
DA:239,3
DA:240,3
DA:241,3
DA:242,3
DA:243,3
DA:244,3
DA:245,3
DA:246,3
DA:247,3
DA:249,3
DA:250,36
DA:251,33
DA:253,3
LF:189
LH:189
end_of_record
TN:
SF:/home/shuballity/proj/prog_study/2grade/labs/lab3/tests/test_cuckoo.cpp
FN:13,15,_ZN17CuckooHashMapTest8TearDownEv
FN:18,18,_ZN41CuckooHashMapTest_DefaultConstructor_Test8TestBodyEv
FN:18,18,_ZN41CuckooHashMapTest_DefaultConstructor_TestC2Ev
FN:18,18,_ZN41CuckooHashMapTest_DefaultConstructor_TestD0Ev
FN:18,18,_ZN41CuckooHashMapTest_DefaultConstructor_TestD2Ev
FN:23,23,_ZN32CuckooHashMapTest_PutAndGet_Test8TestBodyEv
FN:23,23,_ZN32CuckooHashMapTest_PutAndGet_TestC2Ev
FN:23,23,_ZN32CuckooHashMapTest_PutAndGet_TestD0Ev
FN:23,23,_ZN32CuckooHashMapTest_PutAndGet_TestD2Ev
FN:28,28,_ZN34CuckooHashMapTest_PutMultiple_Test8TestBodyEv
FN:28,28,_ZN34CuckooHashMapTest_PutMultiple_TestC2Ev
FN:28,28,_ZN34CuckooHashMapTest_PutMultiple_TestD0Ev
FN:28,28,_ZN34CuckooHashMapTest_PutMultiple_TestD2Ev
FN:38,43,_ZN34CuckooHashMapTest_UpdateValue_Test8TestBodyEv
FN:38,43,_ZN34CuckooHashMapTest_UpdateValue_TestC2Ev
FN:38,43,_ZN34CuckooHashMapTest_UpdateValue_TestD0Ev
FN:38,43,_ZN34CuckooHashMapTest_UpdateValue_TestD2Ev
FN:45,49,_ZN31CuckooHashMapTest_Contains_Test8TestBodyEv
FN:45,49,_ZN31CuckooHashMapTest_Contains_TestC2Ev
FN:45,49,_ZN31CuckooHashMapTest_Contains_TestD0Ev
FN:45,49,_ZN31CuckooHashMapTest_Contains_TestD2Ev
FN:51,57,_ZN29CuckooHashMapTest_Remove_Test8TestBodyEv
FN:51,57,_ZN29CuckooHashMapTest_Remove_TestC2Ev
FN:51,57,_ZN29CuckooHashMapTest_Remove_TestD0Ev
FN:51,57,_ZN29CuckooHashMapTest_Remove_TestD2Ev
FN:59,59,_ZN40CuckooHashMapTest_RemoveNonExistent_Test8TestBodyEv
FN:59,59,_ZN40CuckooHashMapTest_RemoveNonExistent_TestC2Ev
FN:59,59,_ZN40CuckooHashMapTest_RemoveNonExistent_TestD0Ev
FN:59,59,_ZN40CuckooHashMapTest_RemoveNonExistent_TestD2Ev
FN:63,63,_ZN28CuckooHashMapTest_Clear_Test8TestBodyEv
FN:63,63,_ZN28CuckooHashMapTest_Clear_TestC2Ev
FN:63,63,_ZN28CuckooHashMapTest_Clear_TestD0Ev
FN:63,63,_ZN28CuckooHashMapTest_Clear_TestD2Ev
FN:71,71,_ZN28CuckooHashMapTest_Print_Test8TestBodyEv
FN:71,71,_ZN28CuckooHashMapTest_Print_TestC2Ev
FN:71,71,_ZN28CuckooHashMapTest_Print_TestD0Ev
FN:71,71,_ZN28CuckooHashMapTest_Print_TestD2Ev
FN:79,87,_ZN40CuckooHashMapTest_CollisionHandling_Test8TestBodyEv
FN:79,87,_ZN40CuckooHashMapTest_CollisionHandling_TestC2Ev
FN:79,87,_ZN40CuckooHashMapTest_CollisionHandling_TestD0Ev
FN:79,87,_ZN40CuckooHashMapTest_CollisionHandling_TestD2Ev
FN:9,11,_ZN17CuckooHashMapTest5SetUpEv
FNDA:30,_ZN17CuckooHashMapTest8TearDownEv
FNDA:3,_ZN41CuckooHashMapTest_DefaultConstructor_Test8TestBodyEv
FNDA:3,_ZN41CuckooHashMapTest_DefaultConstructor_TestC2Ev
FNDA:3,_ZN41CuckooHashMapTest_DefaultConstructor_TestD0Ev
FNDA:3,_ZN41CuckooHashMapTest_DefaultConstructor_TestD2Ev
FNDA:3,_ZN32CuckooHashMapTest_PutAndGet_Test8TestBodyEv
FNDA:3,_ZN32CuckooHashMapTest_PutAndGet_TestC2Ev
FNDA:3,_ZN32CuckooHashMapTest_PutAndGet_TestD0Ev
FNDA:3,_ZN32CuckooHashMapTest_PutAndGet_TestD2Ev
FNDA:3,_ZN34CuckooHashMapTest_PutMultiple_Test8TestBodyEv
FNDA:3,_ZN34CuckooHashMapTest_PutMultiple_TestC2Ev
FNDA:3,_ZN34CuckooHashMapTest_PutMultiple_TestD0Ev
FNDA:3,_ZN34CuckooHashMapTest_PutMultiple_TestD2Ev
FNDA:3,_ZN34CuckooHashMapTest_UpdateValue_Test8TestBodyEv
FNDA:3,_ZN34CuckooHashMapTest_UpdateValue_TestC2Ev
FNDA:3,_ZN34CuckooHashMapTest_UpdateValue_TestD0Ev
FNDA:3,_ZN34CuckooHashMapTest_UpdateValue_TestD2Ev
FNDA:3,_ZN31CuckooHashMapTest_Contains_Test8TestBodyEv
FNDA:3,_ZN31CuckooHashMapTest_Contains_TestC2Ev
FNDA:3,_ZN31CuckooHashMapTest_Contains_TestD0Ev
FNDA:3,_ZN31CuckooHashMapTest_Contains_TestD2Ev
FNDA:3,_ZN29CuckooHashMapTest_Remove_Test8TestBodyEv
FNDA:3,_ZN29CuckooHashMapTest_Remove_TestC2Ev
FNDA:3,_ZN29CuckooHashMapTest_Remove_TestD0Ev
FNDA:3,_ZN29CuckooHashMapTest_Remove_TestD2Ev
FNDA:3,_ZN40CuckooHashMapTest_RemoveNonExistent_Test8TestBodyEv
FNDA:3,_ZN40CuckooHashMapTest_RemoveNonExistent_TestC2Ev
FNDA:3,_ZN40CuckooHashMapTest_RemoveNonExistent_TestD0Ev
FNDA:3,_ZN40CuckooHashMapTest_RemoveNonExistent_TestD2Ev
FNDA:3,_ZN28CuckooHashMapTest_Clear_Test8TestBodyEv
FNDA:3,_ZN28CuckooHashMapTest_Clear_TestC2Ev
FNDA:3,_ZN28CuckooHashMapTest_Clear_TestD0Ev
FNDA:3,_ZN28CuckooHashMapTest_Clear_TestD2Ev
FNDA:3,_ZN28CuckooHashMapTest_Print_Test8TestBodyEv
FNDA:3,_ZN28CuckooHashMapTest_Print_TestC2Ev
FNDA:3,_ZN28CuckooHashMapTest_Print_TestD0Ev
FNDA:3,_ZN28CuckooHashMapTest_Print_TestD2Ev
FNDA:3,_ZN40CuckooHashMapTest_CollisionHandling_Test8TestBodyEv
FNDA:3,_ZN40CuckooHashMapTest_CollisionHandling_TestC2Ev
FNDA:3,_ZN40CuckooHashMapTest_CollisionHandling_TestD0Ev
FNDA:3,_ZN40CuckooHashMapTest_CollisionHandling_TestD2Ev
FNDA:30,_ZN17CuckooHashMapTest5SetUpEv
FNF:42
FNH:42
DA:9,30
DA:10,30
DA:11,30
DA:13,30
DA:14,30
DA:15,30
DA:18,12
DA:19,3
DA:20,3
DA:21,3
DA:23,12
DA:24,6
DA:25,9
DA:26,3
DA:28,12
DA:29,6
DA:30,6
DA:31,6
DA:32,3
DA:33,9
DA:34,9
DA:35,9
DA:36,3
DA:38,12
DA:39,6
DA:40,6
DA:41,9
DA:42,3
DA:43,3
DA:45,12
DA:46,6
DA:47,9
DA:48,9
DA:49,3
DA:51,12
DA:52,6
DA:53,6
DA:54,9
DA:55,3
DA:56,9
DA:57,3
DA:59,12
DA:60,9
DA:61,3
DA:63,12
DA:64,6
DA:65,6
DA:66,3
DA:67,3
DA:68,3
DA:69,3
DA:71,12
DA:72,6
DA:73,3
DA:74,3
DA:75,3
DA:76,3
DA:77,3
DA:79,12
DA:80,33
DA:81,30
DA:83,3
DA:84,33
DA:85,30
DA:87,3
LF:65
LH:65
end_of_record
TN:
SF:/home/shuballity/proj/prog_study/2grade/labs/lab3/tests/test_doublelist.cpp
FN:13,15,_ZN14DoubleListTest8TearDownEv
FN:18,18,_ZN38DoubleListTest_DefaultConstructor_Test8TestBodyEv
FN:18,18,_ZN38DoubleListTest_DefaultConstructor_TestC2Ev
FN:18,18,_ZN38DoubleListTest_DefaultConstructor_TestD0Ev
FN:18,18,_ZN38DoubleListTest_DefaultConstructor_TestD2Ev
FN:23,23,_ZN27DoubleListTest_AddHead_Test8TestBodyEv
FN:23,23,_ZN27DoubleListTest_AddHead_TestC2Ev
FN:23,23,_ZN27DoubleListTest_AddHead_TestD0Ev
FN:23,23,_ZN27DoubleListTest_AddHead_TestD2Ev
FN:29,29,_ZN27DoubleListTest_AddTail_Test8TestBodyEv
FN:29,29,_ZN27DoubleListTest_AddTail_TestC2Ev
FN:29,29,_ZN27DoubleListTest_AddTail_TestD0Ev
FN:29,29,_ZN27DoubleListTest_AddTail_TestD2Ev
FN:36,41,_ZN35DoubleListTest_AddHeadMultiple_Test8TestBodyEv
FN:36,41,_ZN35DoubleListTest_AddHeadMultiple_TestC2Ev
FN:36,41,_ZN35DoubleListTest_AddHeadMultiple_TestD0Ev
FN:36,41,_ZN35DoubleListTest_AddHeadMultiple_TestD2Ev
FN:43,49,_ZN33DoubleListTest_RemoveElement_Test8TestBodyEv
FN:43,49,_ZN33DoubleListTest_RemoveElement_TestC2Ev
FN:43,49,_ZN33DoubleListTest_RemoveElement_TestD0Ev
FN:43,49,_ZN33DoubleListTest_RemoveElement_TestD2Ev
FN:51,56,_ZN30DoubleListTest_RemoveHead_Test8TestBodyEv
FN:51,56,_ZN30DoubleListTest_RemoveHead_TestC2Ev
FN:51,56,_ZN30DoubleListTest_RemoveHead_TestD0Ev
FN:51,56,_ZN30DoubleListTest_RemoveHead_TestD2Ev
FN:58,58,_ZN30DoubleListTest_RemoveTail_Test8TestBodyEv
FN:58,58,_ZN30DoubleListTest_RemoveTail_TestC2Ev
FN:58,58,_ZN30DoubleListTest_RemoveTail_TestD0Ev
FN:58,58,_ZN30DoubleListTest_RemoveTail_TestD2Ev
FN:66,66,_ZN37DoubleListTest_RemoveNonExistent_Test8TestBodyEv
FN:66,66,_ZN37DoubleListTest_RemoveNonExistent_TestC2Ev
FN:66,66,_ZN37DoubleListTest_RemoveNonExistent_TestD0Ev
FN:66,66,_ZN37DoubleListTest_RemoveNonExistent_TestD2Ev
FN:72,72,_ZN25DoubleListTest_Clear_Test8TestBodyEv
FN:72,72,_ZN25DoubleListTest_Clear_TestC2Ev
FN:72,72,_ZN25DoubleListTest_Clear_TestD0Ev
FN:72,72,_ZN25DoubleListTest_Clear_TestD2Ev
FN:81,91,_ZN25DoubleListTest_Print_Test8TestBodyEv
FN:81,91,_ZN25DoubleListTest_Print_TestC2Ev
FN:81,91,_ZN25DoubleListTest_Print_TestD0Ev
FN:81,91,_ZN25DoubleListTest_Print_TestD2Ev
FN:9,11,_ZN14DoubleListTest5SetUpEv
FNDA:30,_ZN14DoubleListTest8TearDownEv
FNDA:3,_ZN38DoubleListTest_DefaultConstructor_Test8TestBodyEv
FNDA:3,_ZN38DoubleListTest_DefaultConstructor_TestC2Ev
FNDA:3,_ZN38DoubleListTest_DefaultConstructor_TestD0Ev
FNDA:3,_ZN38DoubleListTest_DefaultConstructor_TestD2Ev
FNDA:3,_ZN27DoubleListTest_AddHead_Test8TestBodyEv
FNDA:3,_ZN27DoubleListTest_AddHead_TestC2Ev
FNDA:3,_ZN27DoubleListTest_AddHead_TestD0Ev
FNDA:3,_ZN27DoubleListTest_AddHead_TestD2Ev
FNDA:3,_ZN27DoubleListTest_AddTail_Test8TestBodyEv
FNDA:3,_ZN27DoubleListTest_AddTail_TestC2Ev
FNDA:3,_ZN27DoubleListTest_AddTail_TestD0Ev
FNDA:3,_ZN27DoubleListTest_AddTail_TestD2Ev
FNDA:3,_ZN35DoubleListTest_AddHeadMultiple_Test8TestBodyEv
FNDA:3,_ZN35DoubleListTest_AddHeadMultiple_TestC2Ev
FNDA:3,_ZN35DoubleListTest_AddHeadMultiple_TestD0Ev
FNDA:3,_ZN35DoubleListTest_AddHeadMultiple_TestD2Ev
FNDA:3,_ZN33DoubleListTest_RemoveElement_Test8TestBodyEv
FNDA:3,_ZN33DoubleListTest_RemoveElement_TestC2Ev
FNDA:3,_ZN33DoubleListTest_RemoveElement_TestD0Ev
FNDA:3,_ZN33DoubleListTest_RemoveElement_TestD2Ev
FNDA:3,_ZN30DoubleListTest_RemoveHead_Test8TestBodyEv
FNDA:3,_ZN30DoubleListTest_RemoveHead_TestC2Ev
FNDA:3,_ZN30DoubleListTest_RemoveHead_TestD0Ev
FNDA:3,_ZN30DoubleListTest_RemoveHead_TestD2Ev
FNDA:3,_ZN30DoubleListTest_RemoveTail_Test8TestBodyEv
FNDA:3,_ZN30DoubleListTest_RemoveTail_TestC2Ev
FNDA:3,_ZN30DoubleListTest_RemoveTail_TestD0Ev
FNDA:3,_ZN30DoubleListTest_RemoveTail_TestD2Ev
FNDA:3,_ZN37DoubleListTest_RemoveNonExistent_Test8TestBodyEv
FNDA:3,_ZN37DoubleListTest_RemoveNonExistent_TestC2Ev
FNDA:3,_ZN37DoubleListTest_RemoveNonExistent_TestD0Ev
FNDA:3,_ZN37DoubleListTest_RemoveNonExistent_TestD2Ev
FNDA:3,_ZN25DoubleListTest_Clear_Test8TestBodyEv
FNDA:3,_ZN25DoubleListTest_Clear_TestC2Ev
FNDA:3,_ZN25DoubleListTest_Clear_TestD0Ev
FNDA:3,_ZN25DoubleListTest_Clear_TestD2Ev
FNDA:3,_ZN25DoubleListTest_Print_Test8TestBodyEv
FNDA:3,_ZN25DoubleListTest_Print_TestC2Ev
FNDA:3,_ZN25DoubleListTest_Print_TestD0Ev
FNDA:3,_ZN25DoubleListTest_Print_TestD2Ev
FNDA:30,_ZN14DoubleListTest5SetUpEv
FNF:42
FNH:42
DA:9,30
DA:10,30
DA:11,30
DA:13,30
DA:14,30
DA:15,30
DA:18,12
DA:19,3
DA:20,3
DA:21,3
DA:23,12
DA:24,3
DA:25,3
DA:26,3
DA:27,3
DA:29,12
DA:30,3
DA:31,3
DA:32,3
DA:33,3
DA:34,3
DA:36,12
DA:37,3
DA:38,3
DA:39,3
DA:40,3
DA:41,3
DA:43,12
DA:44,3
DA:45,3
DA:46,3
DA:47,3
DA:48,3
DA:49,3
DA:51,12
DA:52,3
DA:53,3
DA:54,3
DA:55,3
DA:56,3
DA:58,12
DA:59,3
DA:60,3
DA:61,3
DA:62,3
DA:63,3
DA:64,3
DA:66,12
DA:67,3
DA:68,3
DA:69,3
DA:70,3
DA:72,12
DA:73,3
DA:74,3
DA:75,3
DA:76,3
DA:77,3
DA:78,3
DA:79,3
DA:81,12
DA:82,3
DA:83,3
DA:84,3
DA:85,3
DA:86,3
DA:87,3
DA:88,3
DA:89,3
DA:90,3
DA:91,3
LF:71
LH:71
end_of_record
TN:
SF:/home/shuballity/proj/prog_study/2grade/labs/lab3/tests/test_hashmap.cpp
FN:100,100,_ZN36HashMapTest_BinarySerialization_Test8TestBodyEv
FN:100,100,_ZN36HashMapTest_BinarySerialization_TestC2Ev
FN:100,100,_ZN36HashMapTest_BinarySerialization_TestD0Ev
FN:100,100,_ZN36HashMapTest_BinarySerialization_TestD2Ev
FN:124,124,_ZN32HashMapTest_EmptyOperations_Test8TestBodyEv
FN:124,124,_ZN32HashMapTest_EmptyOperations_TestC2Ev
FN:124,124,_ZN32HashMapTest_EmptyOperations_TestD0Ev
FN:124,124,_ZN32HashMapTest_EmptyOperations_TestD2Ev
FN:129,129,_ZN22HashMapTest_Print_Test8TestBodyEv
FN:129,129,_ZN22HashMapTest_Print_TestC2Ev
FN:129,129,_ZN22HashMapTest_Print_TestD0Ev
FN:129,129,_ZN22HashMapTest_Print_TestD2Ev
FN:13,15,_ZN11HashMapTest8TearDownEv
FN:138,138,_ZN34HashMapTest_RemoveAndReinsert_Test8TestBodyEv
FN:138,138,_ZN34HashMapTest_RemoveAndReinsert_TestC2Ev
FN:138,138,_ZN34HashMapTest_RemoveAndReinsert_TestD0Ev
FN:138,138,_ZN34HashMapTest_RemoveAndReinsert_TestD2Ev
FN:146,146,_ZN31HashMapTest_IntegerHashMap_Test8TestBodyEv
FN:146,146,_ZN31HashMapTest_IntegerHashMap_TestC2Ev
FN:146,146,_ZN31HashMapTest_IntegerHashMap_TestD0Ev
FN:146,146,_ZN31HashMapTest_IntegerHashMap_TestD2Ev
FN:18,18,_ZN35HashMapTest_DefaultConstructor_Test8TestBodyEv
FN:18,18,_ZN35HashMapTest_DefaultConstructor_TestC2Ev
FN:18,18,_ZN35HashMapTest_DefaultConstructor_TestD0Ev
FN:18,18,_ZN35HashMapTest_DefaultConstructor_TestD2Ev
FN:23,23,_ZN26HashMapTest_PutAndGet_Test8TestBodyEv
FN:23,23,_ZN26HashMapTest_PutAndGet_TestC2Ev
FN:23,23,_ZN26HashMapTest_PutAndGet_TestD0Ev
FN:23,23,_ZN26HashMapTest_PutAndGet_TestD2Ev
FN:29,29,_ZN28HashMapTest_PutMultiple_Test8TestBodyEv
FN:29,29,_ZN28HashMapTest_PutMultiple_TestC2Ev
FN:29,29,_ZN28HashMapTest_PutMultiple_TestD0Ev
FN:29,29,_ZN28HashMapTest_PutMultiple_TestD2Ev
FN:40,46,_ZN28HashMapTest_UpdateValue_Test8TestBodyEv
FN:40,46,_ZN28HashMapTest_UpdateValue_TestC2Ev
FN:40,46,_ZN28HashMapTest_UpdateValue_TestD0Ev
FN:40,46,_ZN28HashMapTest_UpdateValue_TestD2Ev
FN:48,48,_ZN25HashMapTest_Contains_Test8TestBodyEv
FN:48,48,_ZN25HashMapTest_Contains_TestC2Ev
FN:48,48,_ZN25HashMapTest_Contains_TestD0Ev
FN:48,48,_ZN25HashMapTest_Contains_TestD2Ev
FN:55,55,_ZN23HashMapTest_Remove_Test8TestBodyEv
FN:55,55,_ZN23HashMapTest_Remove_TestC2Ev
FN:55,55,_ZN23HashMapTest_Remove_TestD0Ev
FN:55,55,_ZN23HashMapTest_Remove_TestD2Ev
FN:65,67,_ZN34HashMapTest_RemoveNonExistent_Test8TestBodyEv
FN:65,67,_ZN34HashMapTest_RemoveNonExistent_TestC2Ev
FN:65,67,_ZN34HashMapTest_RemoveNonExistent_TestD0Ev
FN:65,67,_ZN34HashMapTest_RemoveNonExistent_TestD2Ev
FN:69,69,_ZN31HashMapTest_GetNonExistent_Test8TestBodyEv
FN:69,69,_ZN31HashMapTest_GetNonExistent_TestC2Ev
FN:69,69,_ZN31HashMapTest_GetNonExistent_TestD0Ev
FN:69,69,_ZN31HashMapTest_GetNonExistent_TestD2Ev
FN:73,73,_ZN22HashMapTest_Clear_Test8TestBodyEv
FN:73,73,_ZN22HashMapTest_Clear_TestC2Ev
FN:73,73,_ZN22HashMapTest_Clear_TestD0Ev
FN:73,73,_ZN22HashMapTest_Clear_TestD2Ev
FN:83,83,_ZN34HashMapTest_CollisionHandling_Test8TestBodyEv
FN:83,83,_ZN34HashMapTest_CollisionHandling_TestC2Ev
FN:83,83,_ZN34HashMapTest_CollisionHandling_TestD0Ev
FN:83,83,_ZN34HashMapTest_CollisionHandling_TestD2Ev
FN:9,11,_ZN11HashMapTest5SetUpEv
FNDA:3,_ZN36HashMapTest_BinarySerialization_Test8TestBodyEv
FNDA:3,_ZN36HashMapTest_BinarySerialization_TestC2Ev
FNDA:3,_ZN36HashMapTest_BinarySerialization_TestD0Ev
FNDA:3,_ZN36HashMapTest_BinarySerialization_TestD2Ev
FNDA:3,_ZN32HashMapTest_EmptyOperations_Test8TestBodyEv
FNDA:3,_ZN32HashMapTest_EmptyOperations_TestC2Ev
FNDA:3,_ZN32HashMapTest_EmptyOperations_TestD0Ev
FNDA:3,_ZN32HashMapTest_EmptyOperations_TestD2Ev
FNDA:3,_ZN22HashMapTest_Print_Test8TestBodyEv
FNDA:3,_ZN22HashMapTest_Print_TestC2Ev
FNDA:3,_ZN22HashMapTest_Print_TestD0Ev
FNDA:3,_ZN22HashMapTest_Print_TestD2Ev
FNDA:45,_ZN11HashMapTest8TearDownEv
FNDA:3,_ZN34HashMapTest_RemoveAndReinsert_Test8TestBodyEv
FNDA:3,_ZN34HashMapTest_RemoveAndReinsert_TestC2Ev
FNDA:3,_ZN34HashMapTest_RemoveAndReinsert_TestD0Ev
FNDA:3,_ZN34HashMapTest_RemoveAndReinsert_TestD2Ev
FNDA:3,_ZN31HashMapTest_IntegerHashMap_Test8TestBodyEv
FNDA:3,_ZN31HashMapTest_IntegerHashMap_TestC2Ev
FNDA:3,_ZN31HashMapTest_IntegerHashMap_TestD0Ev
FNDA:3,_ZN31HashMapTest_IntegerHashMap_TestD2Ev
FNDA:3,_ZN35HashMapTest_DefaultConstructor_Test8TestBodyEv
FNDA:3,_ZN35HashMapTest_DefaultConstructor_TestC2Ev
FNDA:3,_ZN35HashMapTest_DefaultConstructor_TestD0Ev
FNDA:3,_ZN35HashMapTest_DefaultConstructor_TestD2Ev
FNDA:3,_ZN26HashMapTest_PutAndGet_Test8TestBodyEv
FNDA:3,_ZN26HashMapTest_PutAndGet_TestC2Ev
FNDA:3,_ZN26HashMapTest_PutAndGet_TestD0Ev
FNDA:3,_ZN26HashMapTest_PutAndGet_TestD2Ev
FNDA:3,_ZN28HashMapTest_PutMultiple_Test8TestBodyEv
FNDA:3,_ZN28HashMapTest_PutMultiple_TestC2Ev
FNDA:3,_ZN28HashMapTest_PutMultiple_TestD0Ev
FNDA:3,_ZN28HashMapTest_PutMultiple_TestD2Ev
FNDA:3,_ZN28HashMapTest_UpdateValue_Test8TestBodyEv
FNDA:3,_ZN28HashMapTest_UpdateValue_TestC2Ev
FNDA:3,_ZN28HashMapTest_UpdateValue_TestD0Ev
FNDA:3,_ZN28HashMapTest_UpdateValue_TestD2Ev
FNDA:3,_ZN25HashMapTest_Contains_Test8TestBodyEv
FNDA:3,_ZN25HashMapTest_Contains_TestC2Ev
FNDA:3,_ZN25HashMapTest_Contains_TestD0Ev
FNDA:3,_ZN25HashMapTest_Contains_TestD2Ev
FNDA:3,_ZN23HashMapTest_Remove_Test8TestBodyEv
FNDA:3,_ZN23HashMapTest_Remove_TestC2Ev
FNDA:3,_ZN23HashMapTest_Remove_TestD0Ev
FNDA:3,_ZN23HashMapTest_Remove_TestD2Ev
FNDA:3,_ZN34HashMapTest_RemoveNonExistent_Test8TestBodyEv
FNDA:3,_ZN34HashMapTest_RemoveNonExistent_TestC2Ev
FNDA:3,_ZN34HashMapTest_RemoveNonExistent_TestD0Ev
FNDA:3,_ZN34HashMapTest_RemoveNonExistent_TestD2Ev
FNDA:3,_ZN31HashMapTest_GetNonExistent_Test8TestBodyEv
FNDA:3,_ZN31HashMapTest_GetNonExistent_TestC2Ev
FNDA:3,_ZN31HashMapTest_GetNonExistent_TestD0Ev
FNDA:3,_ZN31HashMapTest_GetNonExistent_TestD2Ev
FNDA:3,_ZN22HashMapTest_Clear_Test8TestBodyEv
FNDA:3,_ZN22HashMapTest_Clear_TestC2Ev
FNDA:3,_ZN22HashMapTest_Clear_TestD0Ev
FNDA:3,_ZN22HashMapTest_Clear_TestD2Ev
FNDA:3,_ZN34HashMapTest_CollisionHandling_Test8TestBodyEv
FNDA:3,_ZN34HashMapTest_CollisionHandling_TestC2Ev
FNDA:3,_ZN34HashMapTest_CollisionHandling_TestD0Ev
FNDA:3,_ZN34HashMapTest_CollisionHandling_TestD2Ev
FNDA:45,_ZN11HashMapTest5SetUpEv
FNF:62
FNH:62
DA:9,45
DA:10,45
DA:11,45
DA:13,45
DA:14,45
DA:15,45
DA:18,12
DA:19,3
DA:20,3
DA:21,3
DA:23,12
DA:24,12
DA:25,3
DA:26,9
DA:27,3
DA:29,12
DA:30,12
DA:31,12
DA:32,12
DA:34,3
DA:35,9
DA:36,9
DA:37,9
DA:38,3
DA:40,12
DA:41,12
DA:42,12
DA:44,3
DA:45,9
DA:46,3
DA:48,12
DA:49,12
DA:51,9
DA:52,9
DA:53,3
DA:55,12
DA:56,12
DA:57,12
DA:59,9
DA:60,3
DA:61,9
DA:62,9
DA:63,3
DA:65,12
DA:66,9
DA:67,3
DA:69,12
DA:70,9
DA:71,3
DA:73,12
DA:74,12
DA:75,12
DA:76,12
DA:78,3
DA:79,3
DA:80,3
DA:81,3
DA:83,12
DA:85,153
DA:86,150
DA:87,150
DA:88,150
DA:89,150
DA:91,3
DA:93,153
DA:94,150
DA:95,150
DA:96,150
DA:97,150
DA:98,3
DA:100,12
DA:101,12
DA:102,12
DA:103,12
DA:106,3
DA:107,3
DA:108,3
DA:111,3
DA:112,3
DA:113,3
DA:114,3
DA:116,3
DA:117,6
DA:118,6
DA:119,6
DA:121,3
DA:122,3
DA:124,12
DA:125,9
DA:126,9
DA:127,3
DA:129,12
DA:130,12
DA:131,12
DA:132,3
DA:133,3
DA:134,3
DA:135,3
DA:136,3
DA:138,12
DA:139,12
DA:140,6
DA:141,12
DA:142,9
DA:143,3
DA:144,3
DA:146,12
DA:147,3
DA:148,3
DA:149,3
DA:150,3
DA:152,3
DA:153,3
DA:154,3
DA:155,3
LF:115
LH:115
end_of_record
TN:
SF:/home/shuballity/proj/prog_study/2grade/labs/lab3/tests/test_queue.cpp
FN:116,133,_ZN33QueueTest_MultipleOperations_Test8TestBodyEv
FN:116,133,_ZN33QueueTest_MultipleOperations_TestC2Ev
FN:116,133,_ZN33QueueTest_MultipleOperations_TestD0Ev
FN:116,133,_ZN33QueueTest_MultipleOperations_TestD2Ev
FN:13,15,_ZN9QueueTest8TearDownEv
FN:18,18,_ZN33QueueTest_DefaultConstructor_Test8TestBodyEv
FN:18,18,_ZN33QueueTest_DefaultConstructor_TestC2Ev
FN:18,18,_ZN33QueueTest_DefaultConstructor_TestD0Ev
FN:18,18,_ZN33QueueTest_DefaultConstructor_TestD2Ev
FN:23,23,_ZN29QueueTest_EnqueueAndSize_Test8TestBodyEv
FN:23,23,_ZN29QueueTest_EnqueueAndSize_TestC2Ev
FN:23,23,_ZN29QueueTest_EnqueueAndSize_TestD0Ev
FN:23,23,_ZN29QueueTest_EnqueueAndSize_TestD2Ev
FN:32,32,_ZN32QueueTest_EnqueueAndDequeue_Test8TestBodyEv
FN:32,32,_ZN32QueueTest_EnqueueAndDequeue_TestC2Ev
FN:32,32,_ZN32QueueTest_EnqueueAndDequeue_TestD0Ev
FN:32,32,_ZN32QueueTest_EnqueueAndDequeue_TestD2Ev
FN:44,44,_ZN19QueueTest_Peek_Test8TestBodyEv
FN:44,44,_ZN19QueueTest_Peek_TestC2Ev
FN:44,44,_ZN19QueueTest_Peek_TestD0Ev
FN:44,44,_ZN19QueueTest_Peek_TestD2Ev
FN:52,54,_ZN27QueueTest_DequeueEmpty_Test8TestBodyEv
FN:52,54,_ZN27QueueTest_DequeueEmpty_TestC2Ev
FN:52,54,_ZN27QueueTest_DequeueEmpty_TestD0Ev
FN:52,54,_ZN27QueueTest_DequeueEmpty_TestD2Ev
FN:56,56,_ZN24QueueTest_PeekEmpty_Test8TestBodyEv
FN:56,56,_ZN24QueueTest_PeekEmpty_TestC2Ev
FN:56,56,_ZN24QueueTest_PeekEmpty_TestD0Ev
FN:56,56,_ZN24QueueTest_PeekEmpty_TestD2Ev
FN:60,60,_ZN20QueueTest_Clear_Test8TestBodyEv
FN:60,60,_ZN20QueueTest_Clear_TestC2Ev
FN:60,60,_ZN20QueueTest_Clear_TestD0Ev
FN:60,60,_ZN20QueueTest_Clear_TestD2Ev
FN:70,70,_ZN25QueueTest_FIFO_Order_Test8TestBodyEv
FN:70,70,_ZN25QueueTest_FIFO_Order_TestC2Ev
FN:70,70,_ZN25QueueTest_FIFO_Order_TestD0Ev
FN:70,70,_ZN25QueueTest_FIFO_Order_TestD2Ev
FN:81,81,_ZN20QueueTest_Print_Test8TestBodyEv
FN:81,81,_ZN20QueueTest_Print_TestC2Ev
FN:81,81,_ZN20QueueTest_Print_TestD0Ev
FN:81,81,_ZN20QueueTest_Print_TestD2Ev
FN:9,11,_ZN9QueueTest5SetUpEv
FN:92,114,_ZN34QueueTest_BinarySerialization_Test8TestBodyEv
FN:92,114,_ZN34QueueTest_BinarySerialization_TestC2Ev
FN:92,114,_ZN34QueueTest_BinarySerialization_TestD0Ev
FN:92,114,_ZN34QueueTest_BinarySerialization_TestD2Ev
FNDA:3,_ZN33QueueTest_MultipleOperations_Test8TestBodyEv
FNDA:3,_ZN33QueueTest_MultipleOperations_TestC2Ev
FNDA:3,_ZN33QueueTest_MultipleOperations_TestD0Ev
FNDA:3,_ZN33QueueTest_MultipleOperations_TestD2Ev
FNDA:33,_ZN9QueueTest8TearDownEv
FNDA:3,_ZN33QueueTest_DefaultConstructor_Test8TestBodyEv
FNDA:3,_ZN33QueueTest_DefaultConstructor_TestC2Ev
FNDA:3,_ZN33QueueTest_DefaultConstructor_TestD0Ev
FNDA:3,_ZN33QueueTest_DefaultConstructor_TestD2Ev
FNDA:3,_ZN29QueueTest_EnqueueAndSize_Test8TestBodyEv
FNDA:3,_ZN29QueueTest_EnqueueAndSize_TestC2Ev
FNDA:3,_ZN29QueueTest_EnqueueAndSize_TestD0Ev
FNDA:3,_ZN29QueueTest_EnqueueAndSize_TestD2Ev
FNDA:3,_ZN32QueueTest_EnqueueAndDequeue_Test8TestBodyEv
FNDA:3,_ZN32QueueTest_EnqueueAndDequeue_TestC2Ev
FNDA:3,_ZN32QueueTest_EnqueueAndDequeue_TestD0Ev
FNDA:3,_ZN32QueueTest_EnqueueAndDequeue_TestD2Ev
FNDA:3,_ZN19QueueTest_Peek_Test8TestBodyEv
FNDA:3,_ZN19QueueTest_Peek_TestC2Ev
FNDA:3,_ZN19QueueTest_Peek_TestD0Ev
FNDA:3,_ZN19QueueTest_Peek_TestD2Ev
FNDA:3,_ZN27QueueTest_DequeueEmpty_Test8TestBodyEv
FNDA:3,_ZN27QueueTest_DequeueEmpty_TestC2Ev
FNDA:3,_ZN27QueueTest_DequeueEmpty_TestD0Ev
FNDA:3,_ZN27QueueTest_DequeueEmpty_TestD2Ev
FNDA:3,_ZN24QueueTest_PeekEmpty_Test8TestBodyEv
FNDA:3,_ZN24QueueTest_PeekEmpty_TestC2Ev
FNDA:3,_ZN24QueueTest_PeekEmpty_TestD0Ev
FNDA:3,_ZN24QueueTest_PeekEmpty_TestD2Ev
FNDA:3,_ZN20QueueTest_Clear_Test8TestBodyEv
FNDA:3,_ZN20QueueTest_Clear_TestC2Ev
FNDA:3,_ZN20QueueTest_Clear_TestD0Ev
FNDA:3,_ZN20QueueTest_Clear_TestD2Ev
FNDA:3,_ZN25QueueTest_FIFO_Order_Test8TestBodyEv
FNDA:3,_ZN25QueueTest_FIFO_Order_TestC2Ev
FNDA:3,_ZN25QueueTest_FIFO_Order_TestD0Ev
FNDA:3,_ZN25QueueTest_FIFO_Order_TestD2Ev
FNDA:3,_ZN20QueueTest_Print_Test8TestBodyEv
FNDA:3,_ZN20QueueTest_Print_TestC2Ev
FNDA:3,_ZN20QueueTest_Print_TestD0Ev
FNDA:3,_ZN20QueueTest_Print_TestD2Ev
FNDA:33,_ZN9QueueTest5SetUpEv
FNDA:3,_ZN34QueueTest_BinarySerialization_Test8TestBodyEv
FNDA:3,_ZN34QueueTest_BinarySerialization_TestC2Ev
FNDA:3,_ZN34QueueTest_BinarySerialization_TestD0Ev
FNDA:3,_ZN34QueueTest_BinarySerialization_TestD2Ev
FNF:46
FNH:46
DA:9,33
DA:10,33
DA:11,33
DA:13,33
DA:14,33
DA:15,33
DA:18,12
DA:19,3
DA:20,3
DA:21,3
DA:23,12
DA:24,6
DA:25,3
DA:26,3
DA:28,6
DA:29,3
DA:30,3
DA:32,12
DA:33,6
DA:34,6
DA:35,6
DA:37,3
DA:38,3
DA:39,3
DA:40,3
DA:41,3
DA:42,3
DA:44,12
DA:45,6
DA:46,6
DA:48,3
DA:49,3
DA:50,3
DA:52,12
DA:53,3
DA:54,3
DA:56,12
DA:57,3
DA:58,3
DA:60,12
DA:61,6
DA:62,6
DA:63,6
DA:65,3
DA:66,3
DA:67,3
DA:68,3
DA:70,12
DA:72,33
DA:73,30
DA:76,33
DA:77,30
DA:79,3
DA:81,12
DA:82,6
DA:83,6
DA:84,6
DA:86,3
DA:87,3
DA:89,3
DA:90,3
DA:92,12
DA:93,6
DA:94,6
DA:95,6
DA:98,3
DA:99,3
DA:100,3
DA:103,3
DA:104,3
DA:105,3
DA:106,3
DA:108,3
DA:109,3
DA:110,3
DA:111,3
DA:113,3
DA:114,3
DA:116,12
DA:118,153
DA:119,150
DA:121,3
DA:123,78
DA:124,75
DA:126,3
DA:129,78
DA:130,75
DA:132,3
DA:133,3
LF:89
LH:89
end_of_record
TN:
SF:/home/shuballity/proj/prog_study/2grade/labs/lab3/tests/test_set.cpp
FN:13,15,_ZN7SetTest8TearDownEv
FN:18,18,_ZN31SetTest_DefaultConstructor_Test8TestBodyEv
FN:18,18,_ZN31SetTest_DefaultConstructor_TestC2Ev
FN:18,18,_ZN31SetTest_DefaultConstructor_TestD0Ev
FN:18,18,_ZN31SetTest_DefaultConstructor_TestD2Ev
FN:23,23,_ZN16SetTest_Add_Test8TestBodyEv
FN:23,23,_ZN16SetTest_Add_TestC2Ev
FN:23,23,_ZN16SetTest_Add_TestD0Ev
FN:23,23,_ZN16SetTest_Add_TestD2Ev
FN:30,30,_ZN24SetTest_AddMultiple_Test8TestBodyEv
FN:30,30,_ZN24SetTest_AddMultiple_TestC2Ev
FN:30,30,_ZN24SetTest_AddMultiple_TestD0Ev
FN:30,30,_ZN24SetTest_AddMultiple_TestD2Ev
FN:40,40,_ZN25SetTest_AddDuplicate_Test8TestBodyEv
FN:40,40,_ZN25SetTest_AddDuplicate_TestC2Ev
FN:40,40,_ZN25SetTest_AddDuplicate_TestD0Ev
FN:40,40,_ZN25SetTest_AddDuplicate_TestD2Ev
FN:46,50,_ZN21SetTest_Contains_Test8TestBodyEv
FN:46,50,_ZN21SetTest_Contains_TestC2Ev
FN:46,50,_ZN21SetTest_Contains_TestD0Ev
FN:46,50,_ZN21SetTest_Contains_TestD2Ev
FN:52,58,_ZN19SetTest_Remove_Test8TestBodyEv
FN:52,58,_ZN19SetTest_Remove_TestC2Ev
FN:52,58,_ZN19SetTest_Remove_TestD0Ev
FN:52,58,_ZN19SetTest_Remove_TestD2Ev
FN:60,60,_ZN30SetTest_RemoveNonExistent_Test8TestBodyEv
FN:60,60,_ZN30SetTest_RemoveNonExistent_TestC2Ev
FN:60,60,_ZN30SetTest_RemoveNonExistent_TestD0Ev
FN:60,60,_ZN30SetTest_RemoveNonExistent_TestD2Ev
FN:66,66,_ZN18SetTest_Clear_Test8TestBodyEv
FN:66,66,_ZN18SetTest_Clear_TestC2Ev
FN:66,66,_ZN18SetTest_Clear_TestD0Ev
FN:66,66,_ZN18SetTest_Clear_TestD2Ev
FN:75,82,_ZN18SetTest_Print_Test8TestBodyEv
FN:75,82,_ZN18SetTest_Print_TestC2Ev
FN:75,82,_ZN18SetTest_Print_TestD0Ev
FN:75,82,_ZN18SetTest_Print_TestD2Ev
FN:9,11,_ZN7SetTest5SetUpEv
FNDA:27,_ZN7SetTest8TearDownEv
FNDA:3,_ZN31SetTest_DefaultConstructor_Test8TestBodyEv
FNDA:3,_ZN31SetTest_DefaultConstructor_TestC2Ev
FNDA:3,_ZN31SetTest_DefaultConstructor_TestD0Ev
FNDA:3,_ZN31SetTest_DefaultConstructor_TestD2Ev
FNDA:3,_ZN16SetTest_Add_Test8TestBodyEv
FNDA:3,_ZN16SetTest_Add_TestC2Ev
FNDA:3,_ZN16SetTest_Add_TestD0Ev
FNDA:3,_ZN16SetTest_Add_TestD2Ev
FNDA:3,_ZN24SetTest_AddMultiple_Test8TestBodyEv
FNDA:3,_ZN24SetTest_AddMultiple_TestC2Ev
FNDA:3,_ZN24SetTest_AddMultiple_TestD0Ev
FNDA:3,_ZN24SetTest_AddMultiple_TestD2Ev
FNDA:3,_ZN25SetTest_AddDuplicate_Test8TestBodyEv
FNDA:3,_ZN25SetTest_AddDuplicate_TestC2Ev
FNDA:3,_ZN25SetTest_AddDuplicate_TestD0Ev
FNDA:3,_ZN25SetTest_AddDuplicate_TestD2Ev
FNDA:3,_ZN21SetTest_Contains_Test8TestBodyEv
FNDA:3,_ZN21SetTest_Contains_TestC2Ev
FNDA:3,_ZN21SetTest_Contains_TestD0Ev
FNDA:3,_ZN21SetTest_Contains_TestD2Ev
FNDA:3,_ZN19SetTest_Remove_Test8TestBodyEv
FNDA:3,_ZN19SetTest_Remove_TestC2Ev
FNDA:3,_ZN19SetTest_Remove_TestD0Ev
FNDA:3,_ZN19SetTest_Remove_TestD2Ev
FNDA:3,_ZN30SetTest_RemoveNonExistent_Test8TestBodyEv
FNDA:3,_ZN30SetTest_RemoveNonExistent_TestC2Ev
FNDA:3,_ZN30SetTest_RemoveNonExistent_TestD0Ev
FNDA:3,_ZN30SetTest_RemoveNonExistent_TestD2Ev
FNDA:3,_ZN18SetTest_Clear_Test8TestBodyEv
FNDA:3,_ZN18SetTest_Clear_TestC2Ev
FNDA:3,_ZN18SetTest_Clear_TestD0Ev
FNDA:3,_ZN18SetTest_Clear_TestD2Ev
FNDA:3,_ZN18SetTest_Print_Test8TestBodyEv
FNDA:3,_ZN18SetTest_Print_TestC2Ev
FNDA:3,_ZN18SetTest_Print_TestD0Ev
FNDA:3,_ZN18SetTest_Print_TestD2Ev
FNDA:27,_ZN7SetTest5SetUpEv
FNF:38
FNH:38
DA:9,27
DA:10,27
DA:11,27
DA:13,27
DA:14,27
DA:15,27
DA:18,12
DA:19,3
DA:20,3
DA:21,3
DA:23,12
DA:24,3
DA:25,3
DA:26,3
DA:27,3
DA:28,3
DA:30,12
DA:31,3
DA:32,3
DA:33,3
DA:34,3
DA:35,3
DA:36,3
DA:37,3
DA:38,3
DA:40,12
DA:41,3
DA:42,3
DA:43,3
DA:44,3
DA:46,12
DA:47,3
DA:48,3
DA:49,3
DA:50,3
DA:52,12
DA:53,3
DA:54,3
DA:55,3
DA:56,3
DA:57,3
DA:58,3
DA:60,12
DA:61,3
DA:62,3
DA:63,3
DA:64,3
DA:66,12
DA:67,3
DA:68,3
DA:69,3
DA:70,3
DA:71,3
DA:72,3
DA:73,3
DA:75,12
DA:76,3
DA:77,3
DA:78,3
DA:79,3
DA:80,3
DA:81,3
DA:82,3
LF:63
LH:63
end_of_record
TN:
SF:/home/shuballity/proj/prog_study/2grade/labs/lab3/tests/test_singlelist.cpp
FN:13,15,_ZN14SingleListTest8TearDownEv
FN:18,18,_ZN38SingleListTest_DefaultConstructor_Test8TestBodyEv
FN:18,18,_ZN38SingleListTest_DefaultConstructor_TestC2Ev
FN:18,18,_ZN38SingleListTest_DefaultConstructor_TestD0Ev
FN:18,18,_ZN38SingleListTest_DefaultConstructor_TestD2Ev
FN:23,23,_ZN27SingleListTest_AddHead_Test8TestBodyEv
FN:23,23,_ZN27SingleListTest_AddHead_TestC2Ev
FN:23,23,_ZN27SingleListTest_AddHead_TestD0Ev
FN:23,23,_ZN27SingleListTest_AddHead_TestD2Ev
FN:30,30,_ZN27SingleListTest_AddTail_Test8TestBodyEv
FN:30,30,_ZN27SingleListTest_AddTail_TestC2Ev
FN:30,30,_ZN27SingleListTest_AddTail_TestD0Ev
FN:30,30,_ZN27SingleListTest_AddTail_TestD2Ev
FN:40,40,_ZN35SingleListTest_AddHeadMultiple_Test8TestBodyEv
FN:40,40,_ZN35SingleListTest_AddHeadMultiple_TestC2Ev
FN:40,40,_ZN35SingleListTest_AddHeadMultiple_TestD0Ev
FN:40,40,_ZN35SingleListTest_AddHeadMultiple_TestD2Ev
FN:47,54,_ZN33SingleListTest_RemoveElement_Test8TestBodyEv
FN:47,54,_ZN33SingleListTest_RemoveElement_TestC2Ev
FN:47,54,_ZN33SingleListTest_RemoveElement_TestD0Ev
FN:47,54,_ZN33SingleListTest_RemoveElement_TestD2Ev
FN:56,56,_ZN30SingleListTest_RemoveHead_Test8TestBodyEv
FN:56,56,_ZN30SingleListTest_RemoveHead_TestC2Ev
FN:56,56,_ZN30SingleListTest_RemoveHead_TestD0Ev
FN:56,56,_ZN30SingleListTest_RemoveHead_TestD2Ev
FN:65,65,_ZN30SingleListTest_RemoveTail_Test8TestBodyEv
FN:65,65,_ZN30SingleListTest_RemoveTail_TestC2Ev
FN:65,65,_ZN30SingleListTest_RemoveTail_TestD0Ev
FN:65,65,_ZN30SingleListTest_RemoveTail_TestD2Ev
FN:73,73,_ZN37SingleListTest_RemoveNonExistent_Test8TestBodyEv
FN:73,73,_ZN37SingleListTest_RemoveNonExistent_TestC2Ev
FN:73,73,_ZN37SingleListTest_RemoveNonExistent_TestD0Ev
FN:73,73,_ZN37SingleListTest_RemoveNonExistent_TestD2Ev
FN:79,79,_ZN28SingleListTest_Contains_Test8TestBodyEv
FN:79,79,_ZN28SingleListTest_Contains_TestC2Ev
FN:79,79,_ZN28SingleListTest_Contains_TestD0Ev
FN:79,79,_ZN28SingleListTest_Contains_TestD2Ev
FN:87,94,_ZN25SingleListTest_Clear_Test8TestBodyEv
FN:87,94,_ZN25SingleListTest_Clear_TestC2Ev
FN:87,94,_ZN25SingleListTest_Clear_TestD0Ev
FN:87,94,_ZN25SingleListTest_Clear_TestD2Ev
FN:9,11,_ZN14SingleListTest5SetUpEv
FN:96,106,_ZN25SingleListTest_Print_Test8TestBodyEv
FN:96,106,_ZN25SingleListTest_Print_TestC2Ev
FN:96,106,_ZN25SingleListTest_Print_TestD0Ev
FN:96,106,_ZN25SingleListTest_Print_TestD2Ev
FNDA:33,_ZN14SingleListTest8TearDownEv
FNDA:3,_ZN38SingleListTest_DefaultConstructor_Test8TestBodyEv
FNDA:3,_ZN38SingleListTest_DefaultConstructor_TestC2Ev
FNDA:3,_ZN38SingleListTest_DefaultConstructor_TestD0Ev
FNDA:3,_ZN38SingleListTest_DefaultConstructor_TestD2Ev
FNDA:3,_ZN27SingleListTest_AddHead_Test8TestBodyEv
FNDA:3,_ZN27SingleListTest_AddHead_TestC2Ev
FNDA:3,_ZN27SingleListTest_AddHead_TestD0Ev
FNDA:3,_ZN27SingleListTest_AddHead_TestD2Ev
FNDA:3,_ZN27SingleListTest_AddTail_Test8TestBodyEv
FNDA:3,_ZN27SingleListTest_AddTail_TestC2Ev
FNDA:3,_ZN27SingleListTest_AddTail_TestD0Ev
FNDA:3,_ZN27SingleListTest_AddTail_TestD2Ev
FNDA:3,_ZN35SingleListTest_AddHeadMultiple_Test8TestBodyEv
FNDA:3,_ZN35SingleListTest_AddHeadMultiple_TestC2Ev
FNDA:3,_ZN35SingleListTest_AddHeadMultiple_TestD0Ev
FNDA:3,_ZN35SingleListTest_AddHeadMultiple_TestD2Ev
FNDA:3,_ZN33SingleListTest_RemoveElement_Test8TestBodyEv
FNDA:3,_ZN33SingleListTest_RemoveElement_TestC2Ev
FNDA:3,_ZN33SingleListTest_RemoveElement_TestD0Ev
FNDA:3,_ZN33SingleListTest_RemoveElement_TestD2Ev
FNDA:3,_ZN30SingleListTest_RemoveHead_Test8TestBodyEv
FNDA:3,_ZN30SingleListTest_RemoveHead_TestC2Ev
FNDA:3,_ZN30SingleListTest_RemoveHead_TestD0Ev
FNDA:3,_ZN30SingleListTest_RemoveHead_TestD2Ev
FNDA:3,_ZN30SingleListTest_RemoveTail_Test8TestBodyEv
FNDA:3,_ZN30SingleListTest_RemoveTail_TestC2Ev
FNDA:3,_ZN30SingleListTest_RemoveTail_TestD0Ev
FNDA:3,_ZN30SingleListTest_RemoveTail_TestD2Ev
FNDA:3,_ZN37SingleListTest_RemoveNonExistent_Test8TestBodyEv
FNDA:3,_ZN37SingleListTest_RemoveNonExistent_TestC2Ev
FNDA:3,_ZN37SingleListTest_RemoveNonExistent_TestD0Ev
FNDA:3,_ZN37SingleListTest_RemoveNonExistent_TestD2Ev
FNDA:3,_ZN28SingleListTest_Contains_Test8TestBodyEv
FNDA:3,_ZN28SingleListTest_Contains_TestC2Ev
FNDA:3,_ZN28SingleListTest_Contains_TestD0Ev
FNDA:3,_ZN28SingleListTest_Contains_TestD2Ev
FNDA:3,_ZN25SingleListTest_Clear_Test8TestBodyEv
FNDA:3,_ZN25SingleListTest_Clear_TestC2Ev
FNDA:3,_ZN25SingleListTest_Clear_TestD0Ev
FNDA:3,_ZN25SingleListTest_Clear_TestD2Ev
FNDA:33,_ZN14SingleListTest5SetUpEv
FNDA:3,_ZN25SingleListTest_Print_Test8TestBodyEv
FNDA:3,_ZN25SingleListTest_Print_TestC2Ev
FNDA:3,_ZN25SingleListTest_Print_TestD0Ev
FNDA:3,_ZN25SingleListTest_Print_TestD2Ev
FNF:46
FNH:46
DA:9,33
DA:10,33
DA:11,33
DA:13,33
DA:14,33
DA:15,33
DA:18,12
DA:19,3
DA:20,3
DA:21,3
DA:23,12
DA:24,3
DA:25,3
DA:26,3
DA:27,3
DA:28,3
DA:30,12
DA:31,3
DA:32,3
DA:33,3
DA:34,3
DA:35,3
DA:36,3
DA:37,3
DA:38,3
DA:40,12
DA:41,3
DA:42,3
DA:43,3
DA:44,3
DA:45,3
DA:47,12
DA:48,3
DA:49,3
DA:50,3
DA:51,3
DA:52,3
DA:53,3
DA:54,3
DA:56,12
DA:57,3
DA:58,3
DA:59,3
DA:60,3
DA:61,3
DA:62,3
DA:63,3
DA:65,12
DA:66,3
DA:67,3
DA:68,3
DA:69,3
DA:70,3
DA:71,3
DA:73,12
DA:74,3
DA:75,3
DA:76,3
DA:77,3
DA:79,12
DA:80,3
DA:81,3
DA:82,3
DA:83,3
DA:84,3
DA:85,3
DA:87,12
DA:88,3
DA:89,3
DA:90,3
DA:91,3
DA:92,3
DA:93,3
DA:94,3
DA:96,12
DA:97,3
DA:98,3
DA:99,3
DA:100,3
DA:101,3
DA:102,3
DA:103,3
DA:104,3
DA:105,3
DA:106,3
LF:85
LH:85
end_of_record
TN:
SF:/home/shuballity/proj/prog_study/2grade/labs/lab3/tests/test_stack.cpp
FN:116,126,_ZN33StackTest_MultipleOperations_Test8TestBodyEv
FN:116,126,_ZN33StackTest_MultipleOperations_TestC2Ev
FN:116,126,_ZN33StackTest_MultipleOperations_TestD0Ev
FN:116,126,_ZN33StackTest_MultipleOperations_TestD2Ev
FN:13,15,_ZN9StackTest8TearDownEv
FN:18,18,_ZN33StackTest_DefaultConstructor_Test8TestBodyEv
FN:18,18,_ZN33StackTest_DefaultConstructor_TestC2Ev
FN:18,18,_ZN33StackTest_DefaultConstructor_TestD0Ev
FN:18,18,_ZN33StackTest_DefaultConstructor_TestD2Ev
FN:23,23,_ZN26StackTest_PushAndSize_Test8TestBodyEv
FN:23,23,_ZN26StackTest_PushAndSize_TestC2Ev
FN:23,23,_ZN26StackTest_PushAndSize_TestD0Ev
FN:23,23,_ZN26StackTest_PushAndSize_TestD2Ev
FN:32,32,_ZN25StackTest_PushAndPop_Test8TestBodyEv
FN:32,32,_ZN25StackTest_PushAndPop_TestC2Ev
FN:32,32,_ZN25StackTest_PushAndPop_TestD0Ev
FN:32,32,_ZN25StackTest_PushAndPop_TestD2Ev
FN:44,44,_ZN19StackTest_Peek_Test8TestBodyEv
FN:44,44,_ZN19StackTest_Peek_TestC2Ev
FN:44,44,_ZN19StackTest_Peek_TestD0Ev
FN:44,44,_ZN19StackTest_Peek_TestD2Ev
FN:52,54,_ZN23StackTest_PopEmpty_Test8TestBodyEv
FN:52,54,_ZN23StackTest_PopEmpty_TestC2Ev
FN:52,54,_ZN23StackTest_PopEmpty_TestD0Ev
FN:52,54,_ZN23StackTest_PopEmpty_TestD2Ev
FN:56,56,_ZN24StackTest_PeekEmpty_Test8TestBodyEv
FN:56,56,_ZN24StackTest_PeekEmpty_TestC2Ev
FN:56,56,_ZN24StackTest_PeekEmpty_TestD0Ev
FN:56,56,_ZN24StackTest_PeekEmpty_TestD2Ev
FN:60,60,_ZN20StackTest_Clear_Test8TestBodyEv
FN:60,60,_ZN20StackTest_Clear_TestC2Ev
FN:60,60,_ZN20StackTest_Clear_TestD0Ev
FN:60,60,_ZN20StackTest_Clear_TestD2Ev
FN:70,70,_ZN25StackTest_LIFO_Order_Test8TestBodyEv
FN:70,70,_ZN25StackTest_LIFO_Order_TestC2Ev
FN:70,70,_ZN25StackTest_LIFO_Order_TestD0Ev
FN:70,70,_ZN25StackTest_LIFO_Order_TestD2Ev
FN:81,81,_ZN20StackTest_Print_Test8TestBodyEv
FN:81,81,_ZN20StackTest_Print_TestC2Ev
FN:81,81,_ZN20StackTest_Print_TestD0Ev
FN:81,81,_ZN20StackTest_Print_TestD2Ev
FN:9,11,_ZN9StackTest5SetUpEv
FN:92,114,_ZN34StackTest_BinarySerialization_Test8TestBodyEv
FN:92,114,_ZN34StackTest_BinarySerialization_TestC2Ev
FN:92,114,_ZN34StackTest_BinarySerialization_TestD0Ev
FN:92,114,_ZN34StackTest_BinarySerialization_TestD2Ev
FNDA:3,_ZN33StackTest_MultipleOperations_Test8TestBodyEv
FNDA:3,_ZN33StackTest_MultipleOperations_TestC2Ev
FNDA:3,_ZN33StackTest_MultipleOperations_TestD0Ev
FNDA:3,_ZN33StackTest_MultipleOperations_TestD2Ev
FNDA:33,_ZN9StackTest8TearDownEv
FNDA:3,_ZN33StackTest_DefaultConstructor_Test8TestBodyEv
FNDA:3,_ZN33StackTest_DefaultConstructor_TestC2Ev
FNDA:3,_ZN33StackTest_DefaultConstructor_TestD0Ev
FNDA:3,_ZN33StackTest_DefaultConstructor_TestD2Ev
FNDA:3,_ZN26StackTest_PushAndSize_Test8TestBodyEv
FNDA:3,_ZN26StackTest_PushAndSize_TestC2Ev
FNDA:3,_ZN26StackTest_PushAndSize_TestD0Ev
FNDA:3,_ZN26StackTest_PushAndSize_TestD2Ev
FNDA:3,_ZN25StackTest_PushAndPop_Test8TestBodyEv
FNDA:3,_ZN25StackTest_PushAndPop_TestC2Ev
FNDA:3,_ZN25StackTest_PushAndPop_TestD0Ev
FNDA:3,_ZN25StackTest_PushAndPop_TestD2Ev
FNDA:3,_ZN19StackTest_Peek_Test8TestBodyEv
FNDA:3,_ZN19StackTest_Peek_TestC2Ev
FNDA:3,_ZN19StackTest_Peek_TestD0Ev
FNDA:3,_ZN19StackTest_Peek_TestD2Ev
FNDA:3,_ZN23StackTest_PopEmpty_Test8TestBodyEv
FNDA:3,_ZN23StackTest_PopEmpty_TestC2Ev
FNDA:3,_ZN23StackTest_PopEmpty_TestD0Ev
FNDA:3,_ZN23StackTest_PopEmpty_TestD2Ev
FNDA:3,_ZN24StackTest_PeekEmpty_Test8TestBodyEv
FNDA:3,_ZN24StackTest_PeekEmpty_TestC2Ev
FNDA:3,_ZN24StackTest_PeekEmpty_TestD0Ev
FNDA:3,_ZN24StackTest_PeekEmpty_TestD2Ev
FNDA:3,_ZN20StackTest_Clear_Test8TestBodyEv
FNDA:3,_ZN20StackTest_Clear_TestC2Ev
FNDA:3,_ZN20StackTest_Clear_TestD0Ev
FNDA:3,_ZN20StackTest_Clear_TestD2Ev
FNDA:3,_ZN25StackTest_LIFO_Order_Test8TestBodyEv
FNDA:3,_ZN25StackTest_LIFO_Order_TestC2Ev
FNDA:3,_ZN25StackTest_LIFO_Order_TestD0Ev
FNDA:3,_ZN25StackTest_LIFO_Order_TestD2Ev
FNDA:3,_ZN20StackTest_Print_Test8TestBodyEv
FNDA:3,_ZN20StackTest_Print_TestC2Ev
FNDA:3,_ZN20StackTest_Print_TestD0Ev
FNDA:3,_ZN20StackTest_Print_TestD2Ev
FNDA:33,_ZN9StackTest5SetUpEv
FNDA:3,_ZN34StackTest_BinarySerialization_Test8TestBodyEv
FNDA:3,_ZN34StackTest_BinarySerialization_TestC2Ev
FNDA:3,_ZN34StackTest_BinarySerialization_TestD0Ev
FNDA:3,_ZN34StackTest_BinarySerialization_TestD2Ev
FNF:46
FNH:46
DA:9,33
DA:10,33
DA:11,33
DA:13,33
DA:14,33
DA:15,33
DA:18,12
DA:19,3
DA:20,3
DA:21,3
DA:23,12
DA:24,6
DA:25,3
DA:26,3
DA:28,6
DA:29,3
DA:30,3
DA:32,12
DA:33,6
DA:34,6
DA:35,6
DA:37,3
DA:38,3
DA:39,3
DA:40,3
DA:41,3
DA:42,3
DA:44,12
DA:45,6
DA:46,6
DA:48,3
DA:49,3
DA:50,3
DA:52,12
DA:53,3
DA:54,3
DA:56,12
DA:57,3
DA:58,3
DA:60,12
DA:61,6
DA:62,6
DA:63,6
DA:65,3
DA:66,3
DA:67,3
DA:68,3
DA:70,12
DA:72,33
DA:73,30
DA:76,33
DA:77,30
DA:79,3
DA:81,12
DA:82,6
DA:83,6
DA:84,6
DA:86,3
DA:87,3
DA:89,3
DA:90,3
DA:92,12
DA:93,6
DA:94,6
DA:95,6
DA:98,3
DA:99,3
DA:100,3
DA:103,3
DA:104,3
DA:105,3
DA:106,3
DA:108,3
DA:109,3
DA:110,3
DA:111,3
DA:113,3
DA:114,3
DA:116,12
DA:117,303
DA:118,300
DA:120,3
DA:122,153
DA:123,150
DA:125,3
DA:126,3
LF:86
LH:86
end_of_record
TN:
SF:/usr/include/c++/13/bits/alloc_traits.h
FNF:0
FNH:0
DA:482,156
DA:517,183
DA:538,36
DA:542,36
DA:562,18
DA:574,588
DA:948,180
DA:949,180
LF:8
LH:8
end_of_record
TN:
SF:/usr/include/c++/13/bits/allocator.h
FNF:0
FNH:0
DA:163,2205
DA:184,2061
LF:2
LH:2
end_of_record
TN:
SF:/usr/include/c++/13/bits/basic_string.h
FN:3674,3676,_ZStplIcSt11char_traitsIcESaIcEENSt7__cxx1112basic_stringIT_T0_T1_EEPKS5_OS8_
FN:3710,3716,_ZSteqIcSt11char_traitsIcESaIcEEbRKNSt7__cxx1112basic_stringIT_T0_T1_EESA_
[...]
FN:457,457,_ZN7testing8internal15TestFactoryImplI32ArrayTest_InsertAtBeginning_TestE10CreateTestEv
FN:457,457,_ZN7testing8internal15TestFactoryImplI32CuckooHashMapTest_PutAndGet_TestE10CreateTestEv
FN:457,457,_ZN7testing8internal15TestFactoryImplI32HashMapTest_EmptyOperations_TestE10CreateTestEv
FN:457,457,_ZN7testing8internal15TestFactoryImplI32QueueTest_EnqueueAndDequeue_TestE10CreateTestEv
FN:457,457,_ZN7testing8internal15TestFactoryImplI33AVLTreeTest_ComplexRotations_TestE10CreateTestEv
FN:457,457,_ZN7testing8internal15TestFactoryImplI33ArrayTest_DefaultConstructor_TestE10CreateTestEv
FN:457,457,_ZN7testing8internal15TestFactoryImplI33ArrayTest_MultipleOperations_TestE10CreateTestEv
FN:457,457,_ZN7testing8internal15TestFactoryImplI33DoubleListTest_RemoveElement_TestE10CreateTestEv
FN:457,457,_ZN7testing8internal15TestFactoryImplI33QueueTest_DefaultConstructor_TestE10CreateTestEv
FN:457,457,_ZN7testing8internal15TestFactoryImplI33QueueTest_MultipleOperations_TestE10CreateTestEv
FN:457,457,_ZN7testing8internal15TestFactoryImplI33SingleListTest_RemoveElement_TestE10CreateTestEv
FN:457,457,_ZN7testing8internal15TestFactoryImplI33StackTest_DefaultConstructor_TestE10CreateTestEv
FN:457,457,_ZN7testing8internal15TestFactoryImplI33StackTest_MultipleOperations_TestE10CreateTestEv
FN:457,457,_ZN7testing8internal15TestFactoryImplI34AVLTreeTest_RemoveNonExistent_TestE10CreateTestEv
FN:457,457,_ZN7testing8internal15TestFactoryImplI34ArrayTest_BinarySerialization_TestE10CreateTestEv
FN:457,457,_ZN7testing8internal15TestFactoryImplI34CuckooHashMapTest_PutMultiple_TestE10CreateTestEv
FN:457,457,_ZN7testing8internal15TestFactoryImplI34CuckooHashMapTest_UpdateValue_TestE10CreateTestEv
FN:457,457,_ZN7testing8internal15TestFactoryImplI34HashMapTest_CollisionHandling_TestE10CreateTestEv
FN:457,457,_ZN7testing8internal15TestFactoryImplI34HashMapTest_RemoveAndReinsert_TestE10CreateTestEv
FN:457,457,_ZN7testing8internal15TestFactoryImplI34HashMapTest_RemoveNonExistent_TestE10CreateTestEv
FN:457,457,_ZN7testing8internal15TestFactoryImplI34QueueTest_BinarySerialization_TestE10CreateTestEv
FN:457,457,_ZN7testing8internal15TestFactoryImplI34StackTest_BinarySerialization_TestE10CreateTestEv
FN:457,457,_ZN7testing8internal15TestFactoryImplI35AVLTreeTest_DefaultConstructor_TestE10CreateTestEv
FN:457,457,_ZN7testing8internal15TestFactoryImplI35AVLTreeTest_MultipleOperations_TestE10CreateTestEv
FN:457,457,_ZN7testing8internal15TestFactoryImplI35DoubleListTest_AddHeadMultiple_TestE10CreateTestEv
FN:457,457,_ZN7testing8internal15TestFactoryImplI35HashMapTest_DefaultConstructor_TestE10CreateTestEv
FN:457,457,_ZN7testing8internal15TestFactoryImplI35SingleListTest_AddHeadMultiple_TestE10CreateTestEv
FN:457,457,_ZN7testing8internal15TestFactoryImplI36AVLTreeTest_BalanceLeftRotation_TestE10CreateTestEv
FN:457,457,_ZN7testing8internal15TestFactoryImplI36AVLTreeTest_BinarySerialization_TestE10CreateTestEv
FN:457,457,_ZN7testing8internal15TestFactoryImplI36HashMapTest_BinarySerialization_TestE10CreateTestEv
FN:457,457,_ZN7testing8internal15TestFactoryImplI37AVLTreeTest_BalanceRightRotation_TestE10CreateTestEv
FN:457,457,_ZN7testing8internal15TestFactoryImplI37DoubleListTest_RemoveNonExistent_TestE10CreateTestEv
FN:457,457,_ZN7testing8internal15TestFactoryImplI37SingleListTest_RemoveNonExistent_TestE10CreateTestEv
FN:457,457,_ZN7testing8internal15TestFactoryImplI38DoubleListTest_DefaultConstructor_TestE10CreateTestEv
FN:457,457,_ZN7testing8internal15TestFactoryImplI38SingleListTest_DefaultConstructor_TestE10CreateTestEv
FN:457,457,_ZN7testing8internal15TestFactoryImplI40CuckooHashMapTest_CollisionHandling_TestE10CreateTestEv
FN:457,457,_ZN7testing8internal15TestFactoryImplI40CuckooHashMapTest_RemoveNonExistent_TestE10CreateTestEv
FN:457,457,_ZN7testing8internal15TestFactoryImplI41AVLTreeTest_BalanceLeftRightRotation_TestE10CreateTestEv
FN:457,457,_ZN7testing8internal15TestFactoryImplI41AVLTreeTest_BalanceRightLeftRotation_TestE10CreateTestEv
FN:457,457,_ZN7testing8internal15TestFactoryImplI41CuckooHashMapTest_DefaultConstructor_TestE10CreateTestEv
FN:478,479,_ZN7testing8internal12CodeLocationC2ERKNSt7__cxx1112basic_stringIcSt11char_traitsIcESaIcEEEi
FN:491,494,_ZN7testing8internal19GetNotDefaultOrNullEPFvvES2_
FN:506,525,_ZN7testing8internal16SuiteApiResolverI11AVLTreeTestE19GetSetUpCaseOrSuiteEPKci
FN:506,525,_ZN7testing8internal16SuiteApiResolverI11HashMapTestE19GetSetUpCaseOrSuiteEPKci
FN:506,525,_ZN7testing8internal16SuiteApiResolverI14DoubleListTestE19GetSetUpCaseOrSuiteEPKci
FN:506,525,_ZN7testing8internal16SuiteApiResolverI14SingleListTestE19GetSetUpCaseOrSuiteEPKci
FN:506,525,_ZN7testing8internal16SuiteApiResolverI17CuckooHashMapTestE19GetSetUpCaseOrSuiteEPKci
FN:506,525,_ZN7testing8internal16SuiteApiResolverI7SetTestE19GetSetUpCaseOrSuiteEPKci
FN:506,525,_ZN7testing8internal16SuiteApiResolverI9ArrayTestE19GetSetUpCaseOrSuiteEPKci
FN:506,525,_ZN7testing8internal16SuiteApiResolverI9QueueTestE19GetSetUpCaseOrSuiteEPKci
FN:506,525,_ZN7testing8internal16SuiteApiResolverI9StackTestE19GetSetUpCaseOrSuiteEPKci
FN:527,546,_ZN7testing8internal16SuiteApiResolverI11AVLTreeTestE22GetTearDownCaseOrSuiteEPKci
FN:527,546,_ZN7testing8internal16SuiteApiResolverI11HashMapTestE22GetTearDownCaseOrSuiteEPKci
FN:527,546,_ZN7testing8internal16SuiteApiResolverI14DoubleListTestE22GetTearDownCaseOrSuiteEPKci
FN:527,546,_ZN7testing8internal16SuiteApiResolverI14SingleListTestE22GetTearDownCaseOrSuiteEPKci
FN:527,546,_ZN7testing8internal16SuiteApiResolverI17CuckooHashMapTestE22GetTearDownCaseOrSuiteEPKci
FN:527,546,_ZN7testing8internal16SuiteApiResolverI7SetTestE22GetTearDownCaseOrSuiteEPKci
FN:527,546,_ZN7testing8internal16SuiteApiResolverI9ArrayTestE22GetTearDownCaseOrSuiteEPKci
FN:527,546,_ZN7testing8internal16SuiteApiResolverI9QueueTestE22GetTearDownCaseOrSuiteEPKci
FN:527,546,_ZN7testing8internal16SuiteApiResolverI9StackTestE22GetTearDownCaseOrSuiteEPKci
FN:843,843,_ZN7testing8internal14TrueWithStringC2Ev
FN:846,846,_ZNK7testing8internal14TrueWithStringcvbEv
FNDA:60,_ZN7testing8internal9GetTypeIdI11AVLTreeTestEEPKvv
FNDA:45,_ZN7testing8internal9GetTypeIdI11HashMapTestEEPKvv
FNDA:30,_ZN7testing8internal9GetTypeIdI14DoubleListTestEEPKvv
FNDA:33,_ZN7testing8internal9GetTypeIdI14SingleListTestEEPKvv
FNDA:30,_ZN7testing8internal9GetTypeIdI17CuckooHashMapTestEEPKvv
FNDA:27,_ZN7testing8internal9GetTypeIdI7SetTestEEPKvv
FNDA:39,_ZN7testing8internal9GetTypeIdI9ArrayTestEEPKvv
FNDA:33,_ZN7testing8internal9GetTypeIdI9QueueTestEEPKvv
FNDA:33,_ZN7testing8internal9GetTypeIdI9StackTestEEPKvv
FNDA:0,_ZN7testing8internal15TestFactoryBaseD0Ev
FNDA:330,_ZN7testing8internal15TestFactoryBaseD2Ev
FNDA:330,_ZN7testing8internal15TestFactoryBaseC2Ev
FNDA:3,_ZN7testing8internal15TestFactoryImplI16SetTest_Add_TestE10CreateTestEv
FNDA:3,_ZN7testing8internal15TestFactoryImplI18SetTest_Clear_TestE10CreateTestEv
FNDA:3,_ZN7testing8internal15TestFactoryImplI18SetTest_Print_TestE10CreateTestEv
FNDA:3,_ZN7testing8internal15TestFactoryImplI19QueueTest_Peek_TestE10CreateTestEv
FNDA:3,_ZN7testing8internal15TestFactoryImplI19SetTest_Remove_TestE10CreateTestEv
FNDA:3,_ZN7testing8internal15TestFactoryImplI19StackTest_Peek_TestE10CreateTestEv
FNDA:3,_ZN7testing8internal15TestFactoryImplI20ArrayTest_Clear_TestE10CreateTestEv
FNDA:3,_ZN7testing8internal15TestFactoryImplI20ArrayTest_Print_TestE10CreateTestEv
FNDA:3,_ZN7testing8internal15TestFactoryImplI20QueueTest_Clear_TestE10CreateTestEv
FNDA:3,_ZN7testing8internal15TestFactoryImplI20QueueTest_Print_TestE10CreateTestEv
FNDA:3,_ZN7testing8internal15TestFactoryImplI20StackTest_Clear_TestE10CreateTestEv
FNDA:3,_ZN7testing8internal15TestFactoryImplI20StackTest_Print_TestE10CreateTestEv
FNDA:3,_ZN7testing8internal15TestFactoryImplI21ArrayTest_Insert_TestE10CreateTestEv
FNDA:3,_ZN7testing8internal15TestFactoryImplI21ArrayTest_Remove_TestE10CreateTestEv
FNDA:3,_ZN7testing8internal15TestFactoryImplI21SetTest_Contains_TestE10CreateTestEv
FNDA:3,_ZN7testing8internal15TestFactoryImplI22AVLTreeTest_Clear_TestE10CreateTestEv
FNDA:3,_ZN7testing8internal15TestFactoryImplI22AVLTreeTest_Print_TestE10CreateTestEv
FNDA:3,_ZN7testing8internal15TestFactoryImplI22ArrayTest_Replace_TestE10CreateTestEv
FNDA:3,_ZN7testing8internal15TestFactoryImplI22HashMapTest_Clear_TestE10CreateTestEv
FNDA:3,_ZN7testing8internal15TestFactoryImplI22HashMapTest_Print_TestE10CreateTestEv
FNDA:3,_ZN7testing8internal15TestFactoryImplI23AVLTreeTest_Insert_TestE10CreateTestEv
FNDA:3,_ZN7testing8internal15TestFactoryImplI23AVLTreeTest_Remove_TestE10CreateTestEv
FNDA:3,_ZN7testing8internal15TestFactoryImplI23AVLTreeTest_Search_TestE10CreateTestEv
FNDA:3,_ZN7testing8internal15TestFactoryImplI23HashMapTest_Remove_TestE10CreateTestEv
FNDA:3,_ZN7testing8internal15TestFactoryImplI23StackTest_PopEmpty_TestE10CreateTestEv
FNDA:3,_ZN7testing8internal15TestFactoryImplI24QueueTest_PeekEmpty_TestE10CreateTestEv
FNDA:3,_ZN7testing8internal15TestFactoryImplI24SetTest_AddMultiple_TestE10CreateTestEv
FNDA:3,_ZN7testing8internal15TestFactoryImplI24StackTest_PeekEmpty_TestE10CreateTestEv
FNDA:3,_ZN7testing8internal15TestFactoryImplI25ArrayTest_GetElement_TestE10CreateTestEv
FNDA:3,_ZN7testing8internal15TestFactoryImplI25DoubleListTest_Clear_TestE10CreateTestEv
FNDA:3,_ZN7testing8internal15TestFactoryImplI25DoubleListTest_Print_TestE10CreateTestEv
FNDA:3,_ZN7testing8internal15TestFactoryImplI25HashMapTest_Contains_TestE10CreateTestEv
FNDA:3,_ZN7testing8internal15TestFactoryImplI25QueueTest_FIFO_Order_TestE10CreateTestEv
FNDA:3,_ZN7testing8internal15TestFactoryImplI25SetTest_AddDuplicate_TestE10CreateTestEv
FNDA:3,_ZN7testing8internal15TestFactoryImplI25SingleListTest_Clear_TestE10CreateTestEv
FNDA:3,_ZN7testing8internal15TestFactoryImplI25SingleListTest_Print_TestE10CreateTestEv
FNDA:3,_ZN7testing8internal15TestFactoryImplI25StackTest_LIFO_Order_TestE10CreateTestEv
FNDA:3,_ZN7testing8internal15TestFactoryImplI25StackTest_PushAndPop_TestE10CreateTestEv
FNDA:3,_ZN7testing8internal15TestFactoryImplI26ArrayTest_InsertAtEnd_TestE10CreateTestEv
FNDA:3,_ZN7testing8internal15TestFactoryImplI26ArrayTest_PushAndSize_TestE10CreateTestEv
FNDA:3,_ZN7testing8internal15TestFactoryImplI26HashMapTest_PutAndGet_TestE10CreateTestEv
FNDA:3,_ZN7testing8internal15TestFactoryImplI26StackTest_PushAndSize_TestE10CreateTestEv
FNDA:3,_ZN7testing8internal15TestFactoryImplI27DoubleListTest_AddHead_TestE10CreateTestEv
FNDA:3,_ZN7testing8internal15TestFactoryImplI27DoubleListTest_AddTail_TestE10CreateTestEv
FNDA:3,_ZN7testing8internal15TestFactoryImplI27QueueTest_DequeueEmpty_TestE10CreateTestEv
FNDA:3,_ZN7testing8internal15TestFactoryImplI27SingleListTest_AddHead_TestE10CreateTestEv
FNDA:3,_ZN7testing8internal15TestFactoryImplI27SingleListTest_AddTail_TestE10CreateTestEv
FNDA:3,_ZN7testing8internal15TestFactoryImplI28CuckooHashMapTest_Clear_TestE10CreateTestEv
FNDA:3,_ZN7testing8internal15TestFactoryImplI28CuckooHashMapTest_Print_TestE10CreateTestEv
FNDA:3,_ZN7testing8internal15TestFactoryImplI28HashMapTest_PutMultiple_TestE10CreateTestEv
FNDA:3,_ZN7testing8internal15TestFactoryImplI28HashMapTest_UpdateValue_TestE10CreateTestEv
FNDA:3,_ZN7testing8internal15TestFactoryImplI28SingleListTest_Contains_TestE10CreateTestEv
FNDA:3,_ZN7testing8internal15TestFactoryImplI29ArrayTest_GetOutOfBounds_TestE10CreateTestEv
FNDA:3,_ZN7testing8internal15TestFactoryImplI29CuckooHashMapTest_Remove_TestE10CreateTestEv
FNDA:3,_ZN7testing8internal15TestFactoryImplI29QueueTest_EnqueueAndSize_TestE10CreateTestEv
FNDA:3,_ZN7testing8internal15TestFactoryImplI30AVLTreeTest_SearchInEmpty_TestE10CreateTestEv
FNDA:3,_ZN7testing8internal15TestFactoryImplI30DoubleListTest_RemoveHead_TestE10CreateTestEv
FNDA:3,_ZN7testing8internal15TestFactoryImplI30DoubleListTest_RemoveTail_TestE10CreateTestEv
FNDA:3,_ZN7testing8internal15TestFactoryImplI30SetTest_RemoveNonExistent_TestE10CreateTestEv
FNDA:3,_ZN7testing8internal15TestFactoryImplI30SingleListTest_RemoveHead_TestE10CreateTestEv
FNDA:3,_ZN7testing8internal15TestFactoryImplI30SingleListTest_RemoveTail_TestE10CreateTestEv
FNDA:3,_ZN7testing8internal15TestFactoryImplI31AVLTreeTest_InsertMultiple_TestE10CreateTestEv
FNDA:3,_ZN7testing8internal15TestFactoryImplI31AVLTreeTest_RemoveRootNode_TestE10CreateTestEv
FNDA:3,_ZN7testing8internal15TestFactoryImplI31CuckooHashMapTest_Contains_TestE10CreateTestEv
FNDA:3,_ZN7testing8internal15TestFactoryImplI31HashMapTest_GetNonExistent_TestE10CreateTestEv
FNDA:3,_ZN7testing8internal15TestFactoryImplI31HashMapTest_IntegerHashMap_TestE10CreateTestEv
FNDA:3,_ZN7testing8internal15TestFactoryImplI31SetTest_DefaultConstructor_TestE10CreateTestEv
FNDA:3,_ZN7testing8internal15TestFactoryImplI32AVLTreeTest_InsertDuplicate_TestE10CreateTestEv
FNDA:3,_ZN7testing8internal15TestFactoryImplI32AVLTreeTest_RemoveFromEmpty_TestE10CreateTestEv
FNDA:3,_ZN7testing8internal15TestFactoryImplI32AVLTreeTest_RemoveLeafNodes_TestE10CreateTestEv
FNDA:3,_ZN7testing8internal15TestFactoryImplI32ArrayTest_InsertAtBeginning_TestE10CreateTestEv
FNDA:3,_ZN7testing8internal15TestFactoryImplI32CuckooHashMapTest_PutAndGet_TestE10CreateTestEv
FNDA:3,_ZN7testing8internal15TestFactoryImplI32HashMapTest_EmptyOperations_TestE10CreateTestEv
FNDA:3,_ZN7testing8internal15TestFactoryImplI32QueueTest_EnqueueAndDequeue_TestE10CreateTestEv
FNDA:3,_ZN7testing8internal15TestFactoryImplI33AVLTreeTest_ComplexRotations_TestE10CreateTestEv
FNDA:3,_ZN7testing8internal15TestFactoryImplI33ArrayTest_DefaultConstructor_TestE10CreateTestEv
FNDA:3,_ZN7testing8internal15TestFactoryImplI33ArrayTest_MultipleOperations_TestE10CreateTestEv
FNDA:3,_ZN7testing8internal15TestFactoryImplI33DoubleListTest_RemoveElement_TestE10CreateTestEv
FNDA:3,_ZN7testing8internal15TestFactoryImplI33QueueTest_DefaultConstructor_TestE10CreateTestEv
FNDA:3,_ZN7testing8internal15TestFactoryImplI33QueueTest_MultipleOperations_TestE10CreateTestEv
FNDA:3,_ZN7testing8internal15TestFactoryImplI33SingleListTest_RemoveElement_TestE10CreateTestEv
FNDA:3,_ZN7testing8internal15TestFactoryImplI33StackTest_DefaultConstructor_TestE10CreateTestEv
FNDA:3,_ZN7testing8internal15TestFactoryImplI33StackTest_MultipleOperations_TestE10CreateTestEv
FNDA:3,_ZN7testing8internal15TestFactoryImplI34AVLTreeTest_RemoveNonExistent_TestE10CreateTestEv
FNDA:3,_ZN7testing8internal15TestFactoryImplI34ArrayTest_BinarySerialization_TestE10CreateTestEv
FNDA:3,_ZN7testing8internal15TestFactoryImplI34CuckooHashMapTest_PutMultiple_TestE10CreateTestEv
FNDA:3,_ZN7testing8internal15TestFactoryImplI34CuckooHashMapTest_UpdateValue_TestE10CreateTestEv
FNDA:3,_ZN7testing8internal15TestFactoryImplI34HashMapTest_CollisionHandling_TestE10CreateTestEv
FNDA:3,_ZN7testing8internal15TestFactoryImplI34HashMapTest_RemoveAndReinsert_TestE10CreateTestEv
FNDA:3,_ZN7testing8internal15TestFactoryImplI34HashMapTest_RemoveNonExistent_TestE10CreateTestEv
FNDA:3,_ZN7testing8internal15TestFactoryImplI34QueueTest_BinarySerialization_TestE10CreateTestEv
FNDA:3,_ZN7testing8internal15TestFactoryImplI34StackTest_BinarySerialization_TestE10CreateTestEv
FNDA:3,_ZN7testing8internal15TestFactoryImplI35AVLTreeTest_DefaultConstructor_TestE10CreateTestEv
FNDA:3,_ZN7testing8internal15TestFactoryImplI35AVLTreeTest_MultipleOperations_TestE10CreateTestEv
FNDA:3,_ZN7testing8internal15TestFactoryImplI35DoubleListTest_AddHeadMultiple_TestE10CreateTestEv
FNDA:3,_ZN7testing8internal15TestFactoryImplI35HashMapTest_DefaultConstructor_TestE10CreateTestEv
FNDA:3,_ZN7testing8internal15TestFactoryImplI35SingleListTest_AddHeadMultiple_TestE10CreateTestEv
FNDA:3,_ZN7testing8internal15TestFactoryImplI36AVLTreeTest_BalanceLeftRotation_TestE10CreateTestEv
FNDA:3,_ZN7testing8internal15TestFactoryImplI36AVLTreeTest_BinarySerialization_TestE10CreateTestEv
FNDA:3,_ZN7testing8internal15TestFactoryImplI36HashMapTest_BinarySerialization_TestE10CreateTestEv
FNDA:3,_ZN7testing8internal15TestFactoryImplI37AVLTreeTest_BalanceRightRotation_TestE10CreateTestEv
FNDA:3,_ZN7testing8internal15TestFactoryImplI37DoubleListTest_RemoveNonExistent_TestE10CreateTestEv
FNDA:3,_ZN7testing8internal15TestFactoryImplI37SingleListTest_RemoveNonExistent_TestE10CreateTestEv
FNDA:3,_ZN7testing8internal15TestFactoryImplI38DoubleListTest_DefaultConstructor_TestE10CreateTestEv
FNDA:3,_ZN7testing8internal15TestFactoryImplI38SingleListTest_DefaultConstructor_TestE10CreateTestEv
FNDA:3,_ZN7testing8internal15TestFactoryImplI40CuckooHashMapTest_CollisionHandling_TestE10CreateTestEv
FNDA:3,_ZN7testing8internal15TestFactoryImplI40CuckooHashMapTest_RemoveNonExistent_TestE10CreateTestEv
FNDA:3,_ZN7testing8internal15TestFactoryImplI41AVLTreeTest_BalanceLeftRightRotation_TestE10CreateTestEv
FNDA:3,_ZN7testing8internal15TestFactoryImplI41AVLTreeTest_BalanceRightLeftRotation_TestE10CreateTestEv
FNDA:3,_ZN7testing8internal15TestFactoryImplI41CuckooHashMapTest_DefaultConstructor_TestE10CreateTestEv
FNDA:330,_ZN7testing8internal12CodeLocationC2ERKNSt7__cxx1112basic_stringIcSt11char_traitsIcESaIcEEEi
FNDA:1320,_ZN7testing8internal19GetNotDefaultOrNullEPFvvES2_
FNDA:60,_ZN7testing8internal16SuiteApiResolverI11AVLTreeTestE19GetSetUpCaseOrSuiteEPKci
FNDA:45,_ZN7testing8internal16SuiteApiResolverI11HashMapTestE19GetSetUpCaseOrSuiteEPKci
FNDA:30,_ZN7testing8internal16SuiteApiResolverI14DoubleListTestE19GetSetUpCaseOrSuiteEPKci
FNDA:33,_ZN7testing8internal16SuiteApiResolverI14SingleListTestE19GetSetUpCaseOrSuiteEPKci
FNDA:30,_ZN7testing8internal16SuiteApiResolverI17CuckooHashMapTestE19GetSetUpCaseOrSuiteEPKci
FNDA:27,_ZN7testing8internal16SuiteApiResolverI7SetTestE19GetSetUpCaseOrSuiteEPKci
FNDA:39,_ZN7testing8internal16SuiteApiResolverI9ArrayTestE19GetSetUpCaseOrSuiteEPKci
FNDA:33,_ZN7testing8internal16SuiteApiResolverI9QueueTestE19GetSetUpCaseOrSuiteEPKci
FNDA:33,_ZN7testing8internal16SuiteApiResolverI9StackTestE19GetSetUpCaseOrSuiteEPKci
FNDA:60,_ZN7testing8internal16SuiteApiResolverI11AVLTreeTestE22GetTearDownCaseOrSuiteEPKci
FNDA:45,_ZN7testing8internal16SuiteApiResolverI11HashMapTestE22GetTearDownCaseOrSuiteEPKci
FNDA:30,_ZN7testing8internal16SuiteApiResolverI14DoubleListTestE22GetTearDownCaseOrSuiteEPKci
FNDA:33,_ZN7testing8internal16SuiteApiResolverI14SingleListTestE22GetTearDownCaseOrSuiteEPKci
FNDA:30,_ZN7testing8internal16SuiteApiResolverI17CuckooHashMapTestE22GetTearDownCaseOrSuiteEPKci
FNDA:27,_ZN7testing8internal16SuiteApiResolverI7SetTestE22GetTearDownCaseOrSuiteEPKci
FNDA:39,_ZN7testing8internal16SuiteApiResolverI9ArrayTestE22GetTearDownCaseOrSuiteEPKci
FNDA:33,_ZN7testing8internal16SuiteApiResolverI9QueueTestE22GetTearDownCaseOrSuiteEPKci
FNDA:33,_ZN7testing8internal16SuiteApiResolverI9StackTestE22GetTearDownCaseOrSuiteEPKci
FNDA:21,_ZN7testing8internal14TrueWithStringC2Ev
FNDA:21,_ZNK7testing8internal14TrueWithStringcvbEv
FNF:144
FNH:143
DA:419,330
DA:424,330
DA:438,330
DA:445,330
DA:457,330
DA:478,330
DA:479,330
DA:491,1320
DA:493,1320
DA:506,330
DA:510,330
DA:512,330
DA:514,330
DA:517,0
DA:519,330
DA:527,330
DA:531,330
DA:533,330
DA:535,330
DA:538,0
DA:540,330
DA:843,21
DA:846,21
LF:23
LH:21
end_of_record
TN:
SF:/usr/include/gtest/internal/gtest-port.h
FN:1042,1042,_ZN7testing8internal8GTestLog9GetStreamEv
FNDA:0,_ZN7testing8internal8GTestLog9GetStreamEv
FNF:1
FNH:0
DA:1042,0
LF:1
LH:0
end_of_record
TN:
SF:/usr/include/gtest/internal/gtest-type-util.h
FN:61,87,_ZN7testing8internal31CanonicalizeForStdLibVersioningENSt7__cxx1112basic_stringIcSt11char_traitsIcESaIcEEE
FN:91,121,_ZN7testing8internal11GetTypeNameB5cxx11ERKSt9type_info
FNDA:0,_ZN7testing8internal31CanonicalizeForStdLibVersioningENSt7__cxx1112basic_stringIcSt11char_traitsIcESaIcEEE
FNDA:0,_ZN7testing8internal11GetTypeNameB5cxx11ERKSt9type_info
FNF:2
FNH:0
DA:61,0
DA:63,0
DA:64,0
DA:65,0
DA:67,0
DA:75,0
DA:78,0
DA:79,0
DA:80,0
DA:83,0
DA:84,0
DA:86,0
DA:91,0
DA:92,0
DA:94,0
DA:100,0
DA:101,0
DA:102,0
DA:103,0
DA:121,0
LF:20
LH:0
end_of_record
TN:
SF:/usr/include/x86_64-linux-gnu/c++/13/bits/c++config.h
FN:540,551,_ZSt23__is_constant_evaluatedv
FNDA:1545,_ZSt23__is_constant_evaluatedv
FNF:1
FNH:1
DA:540,1545
DA:547,1545
LF:2
LH:2
end_of_record
